[2020-03-03 09:40:49] development.ERROR: Symfony\Component\Debug\Exception\FatalThrowableError: Call to undefined method Illuminate\Log\Writer::setHandlers() in Command line code:1
Stack trace:
#0 [internal function]: VscodeLaravelExtraIntellisenseProvider->boot()
#1 C:\xampp\htdocs\october\vendor\laravel\framework\src\Illuminate\Container\BoundMethod.php(29): call_user_func_array(Array, Array)
#2 C:\xampp\htdocs\october\vendor\laravel\framework\src\Illuminate\Container\BoundMethod.php(87): Illuminate\Container\BoundMethod::Illuminate\Container\{closure}()
#3 C:\xampp\htdocs\october\vendor\laravel\framework\src\Illuminate\Container\BoundMethod.php(31): Illuminate\Container\BoundMethod::callBoundMethod(Object(October\Rain\Foundation\Application), Array, Object(Closure))
#4 C:\xampp\htdocs\october\vendor\laravel\framework\src\Illuminate\Container\Container.php(549): Illuminate\Container\BoundMethod::call(Object(October\Rain\Foundation\Application), Array, Array, NULL)
#5 C:\xampp\htdocs\october\vendor\laravel\framework\src\Illuminate\Foundation\Application.php(792): Illuminate\Container\Container->call(Array)
#6 C:\xampp\htdocs\october\vendor\laravel\framework\src\Illuminate\Foundation\Application.php(775): Illuminate\Foundation\Application->bootProvider(Object(VscodeLaravelExtraIntellisenseProvider))
#7 [internal function]: Illuminate\Foundation\Application->Illuminate\Foundation\{closure}(Object(VscodeLaravelExtraIntellisenseProvider), 5)
#8 C:\xampp\htdocs\october\vendor\laravel\framework\src\Illuminate\Foundation\Application.php(776): array_walk(Array, Object(Closure))
#9 C:\xampp\htdocs\october\vendor\laravel\framework\src\Illuminate\Foundation\Bootstrap\BootProviders.php(17): Illuminate\Foundation\Application->boot()
#10 C:\xampp\htdocs\october\vendor\laravel\framework\src\Illuminate\Foundation\Application.php(213): Illuminate\Foundation\Bootstrap\BootProviders->bootstrap(Object(October\Rain\Foundation\Application))
#11 C:\xampp\htdocs\october\vendor\laravel\framework\src\Illuminate\Foundation\Console\Kernel.php(296): Illuminate\Foundation\Application->bootstrapWith(Array)
#12 C:\xampp\htdocs\october\vendor\laravel\framework\src\Illuminate\Foundation\Console\Kernel.php(119): Illuminate\Foundation\Console\Kernel->bootstrap()
#13 Command line code(1): Illuminate\Foundation\Console\Kernel->handle(Object(Symfony\Component\Console\Input\ArgvInput), Object(Symfony\Component\Console\Output\ConsoleOutput))
#14 {main}  
[2020-03-03 09:40:49] development.ERROR: Symfony\Component\Debug\Exception\FatalThrowableError: Call to undefined method Illuminate\Log\Writer::setHandlers() in Command line code:1
Stack trace:
#0 [internal function]: VscodeLaravelExtraIntellisenseProvider->boot()
#1 C:\xampp\htdocs\october\vendor\laravel\framework\src\Illuminate\Container\BoundMethod.php(29): call_user_func_array(Array, Array)
#2 C:\xampp\htdocs\october\vendor\laravel\framework\src\Illuminate\Container\BoundMethod.php(87): Illuminate\Container\BoundMethod::Illuminate\Container\{closure}()
#3 C:\xampp\htdocs\october\vendor\laravel\framework\src\Illuminate\Container\BoundMethod.php(31): Illuminate\Container\BoundMethod::callBoundMethod(Object(October\Rain\Foundation\Application), Array, Object(Closure))
#4 C:\xampp\htdocs\october\vendor\laravel\framework\src\Illuminate\Container\Container.php(549): Illuminate\Container\BoundMethod::call(Object(October\Rain\Foundation\Application), Array, Array, NULL)
#5 C:\xampp\htdocs\october\vendor\laravel\framework\src\Illuminate\Foundation\Application.php(792): Illuminate\Container\Container->call(Array)
#6 C:\xampp\htdocs\october\vendor\laravel\framework\src\Illuminate\Foundation\Application.php(775): Illuminate\Foundation\Application->bootProvider(Object(VscodeLaravelExtraIntellisenseProvider))
#7 [internal function]: Illuminate\Foundation\Application->Illuminate\Foundation\{closure}(Object(VscodeLaravelExtraIntellisenseProvider), 5)
#8 C:\xampp\htdocs\october\vendor\laravel\framework\src\Illuminate\Foundation\Application.php(776): array_walk(Array, Object(Closure))
#9 C:\xampp\htdocs\october\vendor\laravel\framework\src\Illuminate\Foundation\Bootstrap\BootProviders.php(17): Illuminate\Foundation\Application->boot()
#10 C:\xampp\htdocs\october\vendor\laravel\framework\src\Illuminate\Foundation\Application.php(213): Illuminate\Foundation\Bootstrap\BootProviders->bootstrap(Object(October\Rain\Foundation\Application))
#11 C:\xampp\htdocs\october\vendor\laravel\framework\src\Illuminate\Foundation\Console\Kernel.php(296): Illuminate\Foundation\Application->bootstrapWith(Array)
#12 C:\xampp\htdocs\october\vendor\laravel\framework\src\Illuminate\Foundation\Console\Kernel.php(119): Illuminate\Foundation\Console\Kernel->bootstrap()
#13 Command line code(1): Illuminate\Foundation\Console\Kernel->handle(Object(Symfony\Component\Console\Input\ArgvInput), Object(Symfony\Component\Console\Output\ConsoleOutput))
#14 {main}  
[2020-03-03 09:40:49] development.ERROR: Symfony\Component\Debug\Exception\FatalThrowableError: Call to undefined method Illuminate\Log\Writer::setHandlers() in Command line code:1
Stack trace:
#0 [internal function]: VscodeLaravelExtraIntellisenseProvider->boot()
#1 C:\xampp\htdocs\october\vendor\laravel\framework\src\Illuminate\Container\BoundMethod.php(29): call_user_func_array(Array, Array)
#2 C:\xampp\htdocs\october\vendor\laravel\framework\src\Illuminate\Container\BoundMethod.php(87): Illuminate\Container\BoundMethod::Illuminate\Container\{closure}()
#3 C:\xampp\htdocs\october\vendor\laravel\framework\src\Illuminate\Container\BoundMethod.php(31): Illuminate\Container\BoundMethod::callBoundMethod(Object(October\Rain\Foundation\Application), Array, Object(Closure))
#4 C:\xampp\htdocs\october\vendor\laravel\framework\src\Illuminate\Container\Container.php(549): Illuminate\Container\BoundMethod::call(Object(October\Rain\Foundation\Application), Array, Array, NULL)
#5 C:\xampp\htdocs\october\vendor\laravel\framework\src\Illuminate\Foundation\Application.php(792): Illuminate\Container\Container->call(Array)
#6 C:\xampp\htdocs\october\vendor\laravel\framework\src\Illuminate\Foundation\Application.php(775): Illuminate\Foundation\Application->bootProvider(Object(VscodeLaravelExtraIntellisenseProvider))
#7 [internal function]: Illuminate\Foundation\Application->Illuminate\Foundation\{closure}(Object(VscodeLaravelExtraIntellisenseProvider), 5)
#8 C:\xampp\htdocs\october\vendor\laravel\framework\src\Illuminate\Foundation\Application.php(776): array_walk(Array, Object(Closure))
#9 C:\xampp\htdocs\october\vendor\laravel\framework\src\Illuminate\Foundation\Bootstrap\BootProviders.php(17): Illuminate\Foundation\Application->boot()
#10 C:\xampp\htdocs\october\vendor\laravel\framework\src\Illuminate\Foundation\Application.php(213): Illuminate\Foundation\Bootstrap\BootProviders->bootstrap(Object(October\Rain\Foundation\Application))
#11 C:\xampp\htdocs\october\vendor\laravel\framework\src\Illuminate\Foundation\Console\Kernel.php(296): Illuminate\Foundation\Application->bootstrapWith(Array)
#12 C:\xampp\htdocs\october\vendor\laravel\framework\src\Illuminate\Foundation\Console\Kernel.php(119): Illuminate\Foundation\Console\Kernel->bootstrap()
#13 Command line code(1): Illuminate\Foundation\Console\Kernel->handle(Object(Symfony\Component\Console\Input\ArgvInput), Object(Symfony\Component\Console\Output\ConsoleOutput))
#14 {main}  
[2020-03-03 09:40:49] development.ERROR: Symfony\Component\Debug\Exception\FatalThrowableError: Call to undefined method Illuminate\Log\Writer::setHandlers() in Command line code:1
Stack trace:
#0 [internal function]: VscodeLaravelExtraIntellisenseProvider->boot()
#1 C:\xampp\htdocs\october\vendor\laravel\framework\src\Illuminate\Container\BoundMethod.php(29): call_user_func_array(Array, Array)
#2 C:\xampp\htdocs\october\vendor\laravel\framework\src\Illuminate\Container\BoundMethod.php(87): Illuminate\Container\BoundMethod::Illuminate\Container\{closure}()
#3 C:\xampp\htdocs\october\vendor\laravel\framework\src\Illuminate\Container\BoundMethod.php(31): Illuminate\Container\BoundMethod::callBoundMethod(Object(October\Rain\Foundation\Application), Array, Object(Closure))
#4 C:\xampp\htdocs\october\vendor\laravel\framework\src\Illuminate\Container\Container.php(549): Illuminate\Container\BoundMethod::call(Object(October\Rain\Foundation\Application), Array, Array, NULL)
#5 C:\xampp\htdocs\october\vendor\laravel\framework\src\Illuminate\Foundation\Application.php(792): Illuminate\Container\Container->call(Array)
#6 C:\xampp\htdocs\october\vendor\laravel\framework\src\Illuminate\Foundation\Application.php(775): Illuminate\Foundation\Application->bootProvider(Object(VscodeLaravelExtraIntellisenseProvider))
#7 [internal function]: Illuminate\Foundation\Application->Illuminate\Foundation\{closure}(Object(VscodeLaravelExtraIntellisenseProvider), 5)
#8 C:\xampp\htdocs\october\vendor\laravel\framework\src\Illuminate\Foundation\Application.php(776): array_walk(Array, Object(Closure))
#9 C:\xampp\htdocs\october\vendor\laravel\framework\src\Illuminate\Foundation\Bootstrap\BootProviders.php(17): Illuminate\Foundation\Application->boot()
#10 C:\xampp\htdocs\october\vendor\laravel\framework\src\Illuminate\Foundation\Application.php(213): Illuminate\Foundation\Bootstrap\BootProviders->bootstrap(Object(October\Rain\Foundation\Application))
#11 C:\xampp\htdocs\october\vendor\laravel\framework\src\Illuminate\Foundation\Console\Kernel.php(296): Illuminate\Foundation\Application->bootstrapWith(Array)
#12 C:\xampp\htdocs\october\vendor\laravel\framework\src\Illuminate\Foundation\Console\Kernel.php(119): Illuminate\Foundation\Console\Kernel->bootstrap()
#13 Command line code(1): Illuminate\Foundation\Console\Kernel->handle(Object(Symfony\Component\Console\Input\ArgvInput), Object(Symfony\Component\Console\Output\ConsoleOutput))
#14 {main}  
[2020-03-03 09:40:58] development.ERROR: Symfony\Component\Debug\Exception\FatalThrowableError: Call to undefined method October\Rain\Translation\FileLoader::namespaces() in C:\Users\farid\.vscode\extensions\tiansin.vscode-laravel-assist-0.1.7\assets\cache\T19sqwtO:60
Stack trace:
#0 {main}  
[2020-03-03 09:41:00] development.ERROR: Symfony\Component\Debug\Exception\FatalThrowableError: Call to undefined method Illuminate\Log\Writer::setHandlers() in Command line code:1
Stack trace:
#0 [internal function]: VscodeLaravelExtraIntellisenseProvider->boot()
#1 C:\xampp\htdocs\october\vendor\laravel\framework\src\Illuminate\Container\BoundMethod.php(29): call_user_func_array(Array, Array)
#2 C:\xampp\htdocs\october\vendor\laravel\framework\src\Illuminate\Container\BoundMethod.php(87): Illuminate\Container\BoundMethod::Illuminate\Container\{closure}()
#3 C:\xampp\htdocs\october\vendor\laravel\framework\src\Illuminate\Container\BoundMethod.php(31): Illuminate\Container\BoundMethod::callBoundMethod(Object(October\Rain\Foundation\Application), Array, Object(Closure))
#4 C:\xampp\htdocs\october\vendor\laravel\framework\src\Illuminate\Container\Container.php(549): Illuminate\Container\BoundMethod::call(Object(October\Rain\Foundation\Application), Array, Array, NULL)
#5 C:\xampp\htdocs\october\vendor\laravel\framework\src\Illuminate\Foundation\Application.php(792): Illuminate\Container\Container->call(Array)
#6 C:\xampp\htdocs\october\vendor\laravel\framework\src\Illuminate\Foundation\Application.php(775): Illuminate\Foundation\Application->bootProvider(Object(VscodeLaravelExtraIntellisenseProvider))
#7 [internal function]: Illuminate\Foundation\Application->Illuminate\Foundation\{closure}(Object(VscodeLaravelExtraIntellisenseProvider), 5)
#8 C:\xampp\htdocs\october\vendor\laravel\framework\src\Illuminate\Foundation\Application.php(776): array_walk(Array, Object(Closure))
#9 C:\xampp\htdocs\october\vendor\laravel\framework\src\Illuminate\Foundation\Bootstrap\BootProviders.php(17): Illuminate\Foundation\Application->boot()
#10 C:\xampp\htdocs\october\vendor\laravel\framework\src\Illuminate\Foundation\Application.php(213): Illuminate\Foundation\Bootstrap\BootProviders->bootstrap(Object(October\Rain\Foundation\Application))
#11 C:\xampp\htdocs\october\vendor\laravel\framework\src\Illuminate\Foundation\Console\Kernel.php(296): Illuminate\Foundation\Application->bootstrapWith(Array)
#12 C:\xampp\htdocs\october\vendor\laravel\framework\src\Illuminate\Foundation\Console\Kernel.php(119): Illuminate\Foundation\Console\Kernel->bootstrap()
#13 Command line code(1): Illuminate\Foundation\Console\Kernel->handle(Object(Symfony\Component\Console\Input\ArgvInput), Object(Symfony\Component\Console\Output\ConsoleOutput))
#14 {main}  
[2020-03-03 09:41:00] development.ERROR: Symfony\Component\Debug\Exception\FatalErrorException: Uncaught Error: Call to undefined method October\Rain\Translation\FileLoader::namespaces() in Command line code:1
Stack trace:
#0 {main}
  thrown in Command line code:1
Stack trace:
#0 {main}  
[2020-03-03 10:04:59] development.ERROR: Symfony\Component\Debug\Exception\FatalThrowableError: Call to undefined method Illuminate\Log\Writer::setHandlers() in Command line code:1
Stack trace:
#0 [internal function]: VscodeLaravelExtraIntellisenseProvider->boot()
#1 C:\xampp\htdocs\october\vendor\laravel\framework\src\Illuminate\Container\BoundMethod.php(29): call_user_func_array(Array, Array)
#2 C:\xampp\htdocs\october\vendor\laravel\framework\src\Illuminate\Container\BoundMethod.php(87): Illuminate\Container\BoundMethod::Illuminate\Container\{closure}()
#3 C:\xampp\htdocs\october\vendor\laravel\framework\src\Illuminate\Container\BoundMethod.php(31): Illuminate\Container\BoundMethod::callBoundMethod(Object(October\Rain\Foundation\Application), Array, Object(Closure))
#4 C:\xampp\htdocs\october\vendor\laravel\framework\src\Illuminate\Container\Container.php(549): Illuminate\Container\BoundMethod::call(Object(October\Rain\Foundation\Application), Array, Array, NULL)
#5 C:\xampp\htdocs\october\vendor\laravel\framework\src\Illuminate\Foundation\Application.php(792): Illuminate\Container\Container->call(Array)
#6 C:\xampp\htdocs\october\vendor\laravel\framework\src\Illuminate\Foundation\Application.php(775): Illuminate\Foundation\Application->bootProvider(Object(VscodeLaravelExtraIntellisenseProvider))
#7 [internal function]: Illuminate\Foundation\Application->Illuminate\Foundation\{closure}(Object(VscodeLaravelExtraIntellisenseProvider), 5)
#8 C:\xampp\htdocs\october\vendor\laravel\framework\src\Illuminate\Foundation\Application.php(776): array_walk(Array, Object(Closure))
#9 C:\xampp\htdocs\october\vendor\laravel\framework\src\Illuminate\Foundation\Bootstrap\BootProviders.php(17): Illuminate\Foundation\Application->boot()
#10 C:\xampp\htdocs\october\vendor\laravel\framework\src\Illuminate\Foundation\Application.php(213): Illuminate\Foundation\Bootstrap\BootProviders->bootstrap(Object(October\Rain\Foundation\Application))
#11 C:\xampp\htdocs\october\vendor\laravel\framework\src\Illuminate\Foundation\Console\Kernel.php(296): Illuminate\Foundation\Application->bootstrapWith(Array)
#12 C:\xampp\htdocs\october\vendor\laravel\framework\src\Illuminate\Foundation\Console\Kernel.php(119): Illuminate\Foundation\Console\Kernel->bootstrap()
#13 Command line code(1): Illuminate\Foundation\Console\Kernel->handle(Object(Symfony\Component\Console\Input\ArgvInput), Object(Symfony\Component\Console\Output\ConsoleOutput))
#14 {main}  
[2020-03-03 10:05:00] development.ERROR: Symfony\Component\Debug\Exception\FatalThrowableError: Call to undefined method Illuminate\Log\Writer::setHandlers() in Command line code:1
Stack trace:
#0 [internal function]: VscodeLaravelExtraIntellisenseProvider->boot()
#1 C:\xampp\htdocs\october\vendor\laravel\framework\src\Illuminate\Container\BoundMethod.php(29): call_user_func_array(Array, Array)
#2 C:\xampp\htdocs\october\vendor\laravel\framework\src\Illuminate\Container\BoundMethod.php(87): Illuminate\Container\BoundMethod::Illuminate\Container\{closure}()
#3 C:\xampp\htdocs\october\vendor\laravel\framework\src\Illuminate\Container\BoundMethod.php(31): Illuminate\Container\BoundMethod::callBoundMethod(Object(October\Rain\Foundation\Application), Array, Object(Closure))
#4 C:\xampp\htdocs\october\vendor\laravel\framework\src\Illuminate\Container\Container.php(549): Illuminate\Container\BoundMethod::call(Object(October\Rain\Foundation\Application), Array, Array, NULL)
#5 C:\xampp\htdocs\october\vendor\laravel\framework\src\Illuminate\Foundation\Application.php(792): Illuminate\Container\Container->call(Array)
#6 C:\xampp\htdocs\october\vendor\laravel\framework\src\Illuminate\Foundation\Application.php(775): Illuminate\Foundation\Application->bootProvider(Object(VscodeLaravelExtraIntellisenseProvider))
#7 [internal function]: Illuminate\Foundation\Application->Illuminate\Foundation\{closure}(Object(VscodeLaravelExtraIntellisenseProvider), 5)
#8 C:\xampp\htdocs\october\vendor\laravel\framework\src\Illuminate\Foundation\Application.php(776): array_walk(Array, Object(Closure))
#9 C:\xampp\htdocs\october\vendor\laravel\framework\src\Illuminate\Foundation\Bootstrap\BootProviders.php(17): Illuminate\Foundation\Application->boot()
#10 C:\xampp\htdocs\october\vendor\laravel\framework\src\Illuminate\Foundation\Application.php(213): Illuminate\Foundation\Bootstrap\BootProviders->bootstrap(Object(October\Rain\Foundation\Application))
#11 C:\xampp\htdocs\october\vendor\laravel\framework\src\Illuminate\Foundation\Console\Kernel.php(296): Illuminate\Foundation\Application->bootstrapWith(Array)
#12 C:\xampp\htdocs\october\vendor\laravel\framework\src\Illuminate\Foundation\Console\Kernel.php(119): Illuminate\Foundation\Console\Kernel->bootstrap()
#13 Command line code(1): Illuminate\Foundation\Console\Kernel->handle(Object(Symfony\Component\Console\Input\ArgvInput), Object(Symfony\Component\Console\Output\ConsoleOutput))
#14 {main}  
[2020-03-03 10:05:00] development.ERROR: Symfony\Component\Debug\Exception\FatalThrowableError: Call to undefined method Illuminate\Log\Writer::setHandlers() in Command line code:1
Stack trace:
#0 [internal function]: VscodeLaravelExtraIntellisenseProvider->boot()
#1 C:\xampp\htdocs\october\vendor\laravel\framework\src\Illuminate\Container\BoundMethod.php(29): call_user_func_array(Array, Array)
#2 C:\xampp\htdocs\october\vendor\laravel\framework\src\Illuminate\Container\BoundMethod.php(87): Illuminate\Container\BoundMethod::Illuminate\Container\{closure}()
#3 C:\xampp\htdocs\october\vendor\laravel\framework\src\Illuminate\Container\BoundMethod.php(31): Illuminate\Container\BoundMethod::callBoundMethod(Object(October\Rain\Foundation\Application), Array, Object(Closure))
#4 C:\xampp\htdocs\october\vendor\laravel\framework\src\Illuminate\Container\Container.php(549): Illuminate\Container\BoundMethod::call(Object(October\Rain\Foundation\Application), Array, Array, NULL)
#5 C:\xampp\htdocs\october\vendor\laravel\framework\src\Illuminate\Foundation\Application.php(792): Illuminate\Container\Container->call(Array)
#6 C:\xampp\htdocs\october\vendor\laravel\framework\src\Illuminate\Foundation\Application.php(775): Illuminate\Foundation\Application->bootProvider(Object(VscodeLaravelExtraIntellisenseProvider))
#7 [internal function]: Illuminate\Foundation\Application->Illuminate\Foundation\{closure}(Object(VscodeLaravelExtraIntellisenseProvider), 5)
#8 C:\xampp\htdocs\october\vendor\laravel\framework\src\Illuminate\Foundation\Application.php(776): array_walk(Array, Object(Closure))
#9 C:\xampp\htdocs\october\vendor\laravel\framework\src\Illuminate\Foundation\Bootstrap\BootProviders.php(17): Illuminate\Foundation\Application->boot()
#10 C:\xampp\htdocs\october\vendor\laravel\framework\src\Illuminate\Foundation\Application.php(213): Illuminate\Foundation\Bootstrap\BootProviders->bootstrap(Object(October\Rain\Foundation\Application))
#11 C:\xampp\htdocs\october\vendor\laravel\framework\src\Illuminate\Foundation\Console\Kernel.php(296): Illuminate\Foundation\Application->bootstrapWith(Array)
#12 C:\xampp\htdocs\october\vendor\laravel\framework\src\Illuminate\Foundation\Console\Kernel.php(119): Illuminate\Foundation\Console\Kernel->bootstrap()
#13 Command line code(1): Illuminate\Foundation\Console\Kernel->handle(Object(Symfony\Component\Console\Input\ArgvInput), Object(Symfony\Component\Console\Output\ConsoleOutput))
#14 {main}  
[2020-03-03 10:05:00] development.ERROR: Symfony\Component\Debug\Exception\FatalThrowableError: Call to undefined method Illuminate\Log\Writer::setHandlers() in Command line code:1
Stack trace:
#0 [internal function]: VscodeLaravelExtraIntellisenseProvider->boot()
#1 C:\xampp\htdocs\october\vendor\laravel\framework\src\Illuminate\Container\BoundMethod.php(29): call_user_func_array(Array, Array)
#2 C:\xampp\htdocs\october\vendor\laravel\framework\src\Illuminate\Container\BoundMethod.php(87): Illuminate\Container\BoundMethod::Illuminate\Container\{closure}()
#3 C:\xampp\htdocs\october\vendor\laravel\framework\src\Illuminate\Container\BoundMethod.php(31): Illuminate\Container\BoundMethod::callBoundMethod(Object(October\Rain\Foundation\Application), Array, Object(Closure))
#4 C:\xampp\htdocs\october\vendor\laravel\framework\src\Illuminate\Container\Container.php(549): Illuminate\Container\BoundMethod::call(Object(October\Rain\Foundation\Application), Array, Array, NULL)
#5 C:\xampp\htdocs\october\vendor\laravel\framework\src\Illuminate\Foundation\Application.php(792): Illuminate\Container\Container->call(Array)
#6 C:\xampp\htdocs\october\vendor\laravel\framework\src\Illuminate\Foundation\Application.php(775): Illuminate\Foundation\Application->bootProvider(Object(VscodeLaravelExtraIntellisenseProvider))
#7 [internal function]: Illuminate\Foundation\Application->Illuminate\Foundation\{closure}(Object(VscodeLaravelExtraIntellisenseProvider), 5)
#8 C:\xampp\htdocs\october\vendor\laravel\framework\src\Illuminate\Foundation\Application.php(776): array_walk(Array, Object(Closure))
#9 C:\xampp\htdocs\october\vendor\laravel\framework\src\Illuminate\Foundation\Bootstrap\BootProviders.php(17): Illuminate\Foundation\Application->boot()
#10 C:\xampp\htdocs\october\vendor\laravel\framework\src\Illuminate\Foundation\Application.php(213): Illuminate\Foundation\Bootstrap\BootProviders->bootstrap(Object(October\Rain\Foundation\Application))
#11 C:\xampp\htdocs\october\vendor\laravel\framework\src\Illuminate\Foundation\Console\Kernel.php(296): Illuminate\Foundation\Application->bootstrapWith(Array)
#12 C:\xampp\htdocs\october\vendor\laravel\framework\src\Illuminate\Foundation\Console\Kernel.php(119): Illuminate\Foundation\Console\Kernel->bootstrap()
#13 Command line code(1): Illuminate\Foundation\Console\Kernel->handle(Object(Symfony\Component\Console\Input\ArgvInput), Object(Symfony\Component\Console\Output\ConsoleOutput))
#14 {main}  
[2020-03-03 10:05:00] development.ERROR: Symfony\Component\Debug\Exception\FatalErrorException: Uncaught Error: Call to undefined method October\Rain\Translation\FileLoader::namespaces() in Command line code:1
Stack trace:
#0 {main}
  thrown in Command line code:1
Stack trace:
#0 {main}  
[2020-03-03 10:05:11] development.ERROR: Symfony\Component\Debug\Exception\FatalThrowableError: Call to undefined method Illuminate\Log\Writer::setHandlers() in Command line code:1
Stack trace:
#0 [internal function]: VscodeLaravelExtraIntellisenseProvider->boot()
#1 C:\xampp\htdocs\october\vendor\laravel\framework\src\Illuminate\Container\BoundMethod.php(29): call_user_func_array(Array, Array)
#2 C:\xampp\htdocs\october\vendor\laravel\framework\src\Illuminate\Container\BoundMethod.php(87): Illuminate\Container\BoundMethod::Illuminate\Container\{closure}()
#3 C:\xampp\htdocs\october\vendor\laravel\framework\src\Illuminate\Container\BoundMethod.php(31): Illuminate\Container\BoundMethod::callBoundMethod(Object(October\Rain\Foundation\Application), Array, Object(Closure))
#4 C:\xampp\htdocs\october\vendor\laravel\framework\src\Illuminate\Container\Container.php(549): Illuminate\Container\BoundMethod::call(Object(October\Rain\Foundation\Application), Array, Array, NULL)
#5 C:\xampp\htdocs\october\vendor\laravel\framework\src\Illuminate\Foundation\Application.php(792): Illuminate\Container\Container->call(Array)
#6 C:\xampp\htdocs\october\vendor\laravel\framework\src\Illuminate\Foundation\Application.php(775): Illuminate\Foundation\Application->bootProvider(Object(VscodeLaravelExtraIntellisenseProvider))
#7 [internal function]: Illuminate\Foundation\Application->Illuminate\Foundation\{closure}(Object(VscodeLaravelExtraIntellisenseProvider), 5)
#8 C:\xampp\htdocs\october\vendor\laravel\framework\src\Illuminate\Foundation\Application.php(776): array_walk(Array, Object(Closure))
#9 C:\xampp\htdocs\october\vendor\laravel\framework\src\Illuminate\Foundation\Bootstrap\BootProviders.php(17): Illuminate\Foundation\Application->boot()
#10 C:\xampp\htdocs\october\vendor\laravel\framework\src\Illuminate\Foundation\Application.php(213): Illuminate\Foundation\Bootstrap\BootProviders->bootstrap(Object(October\Rain\Foundation\Application))
#11 C:\xampp\htdocs\october\vendor\laravel\framework\src\Illuminate\Foundation\Console\Kernel.php(296): Illuminate\Foundation\Application->bootstrapWith(Array)
#12 C:\xampp\htdocs\october\vendor\laravel\framework\src\Illuminate\Foundation\Console\Kernel.php(119): Illuminate\Foundation\Console\Kernel->bootstrap()
#13 Command line code(1): Illuminate\Foundation\Console\Kernel->handle(Object(Symfony\Component\Console\Input\ArgvInput), Object(Symfony\Component\Console\Output\ConsoleOutput))
#14 {main}  
[2020-03-03 10:05:11] development.ERROR: Symfony\Component\Debug\Exception\FatalThrowableError: Call to undefined method Illuminate\Log\Writer::setHandlers() in Command line code:1
Stack trace:
#0 [internal function]: VscodeLaravelExtraIntellisenseProvider->boot()
#1 C:\xampp\htdocs\october\vendor\laravel\framework\src\Illuminate\Container\BoundMethod.php(29): call_user_func_array(Array, Array)
#2 C:\xampp\htdocs\october\vendor\laravel\framework\src\Illuminate\Container\BoundMethod.php(87): Illuminate\Container\BoundMethod::Illuminate\Container\{closure}()
#3 C:\xampp\htdocs\october\vendor\laravel\framework\src\Illuminate\Container\BoundMethod.php(31): Illuminate\Container\BoundMethod::callBoundMethod(Object(October\Rain\Foundation\Application), Array, Object(Closure))
#4 C:\xampp\htdocs\october\vendor\laravel\framework\src\Illuminate\Container\Container.php(549): Illuminate\Container\BoundMethod::call(Object(October\Rain\Foundation\Application), Array, Array, NULL)
#5 C:\xampp\htdocs\october\vendor\laravel\framework\src\Illuminate\Foundation\Application.php(792): Illuminate\Container\Container->call(Array)
#6 C:\xampp\htdocs\october\vendor\laravel\framework\src\Illuminate\Foundation\Application.php(775): Illuminate\Foundation\Application->bootProvider(Object(VscodeLaravelExtraIntellisenseProvider))
#7 [internal function]: Illuminate\Foundation\Application->Illuminate\Foundation\{closure}(Object(VscodeLaravelExtraIntellisenseProvider), 5)
#8 C:\xampp\htdocs\october\vendor\laravel\framework\src\Illuminate\Foundation\Application.php(776): array_walk(Array, Object(Closure))
#9 C:\xampp\htdocs\october\vendor\laravel\framework\src\Illuminate\Foundation\Bootstrap\BootProviders.php(17): Illuminate\Foundation\Application->boot()
#10 C:\xampp\htdocs\october\vendor\laravel\framework\src\Illuminate\Foundation\Application.php(213): Illuminate\Foundation\Bootstrap\BootProviders->bootstrap(Object(October\Rain\Foundation\Application))
#11 C:\xampp\htdocs\october\vendor\laravel\framework\src\Illuminate\Foundation\Console\Kernel.php(296): Illuminate\Foundation\Application->bootstrapWith(Array)
#12 C:\xampp\htdocs\october\vendor\laravel\framework\src\Illuminate\Foundation\Console\Kernel.php(119): Illuminate\Foundation\Console\Kernel->bootstrap()
#13 Command line code(1): Illuminate\Foundation\Console\Kernel->handle(Object(Symfony\Component\Console\Input\ArgvInput), Object(Symfony\Component\Console\Output\ConsoleOutput))
#14 {main}  
[2020-03-03 10:05:12] development.ERROR: Symfony\Component\Debug\Exception\FatalThrowableError: Call to undefined method Illuminate\Log\Writer::setHandlers() in Command line code:1
Stack trace:
#0 [internal function]: VscodeLaravelExtraIntellisenseProvider->boot()
#1 C:\xampp\htdocs\october\vendor\laravel\framework\src\Illuminate\Container\BoundMethod.php(29): call_user_func_array(Array, Array)
#2 C:\xampp\htdocs\october\vendor\laravel\framework\src\Illuminate\Container\BoundMethod.php(87): Illuminate\Container\BoundMethod::Illuminate\Container\{closure}()
#3 C:\xampp\htdocs\october\vendor\laravel\framework\src\Illuminate\Container\BoundMethod.php(31): Illuminate\Container\BoundMethod::callBoundMethod(Object(October\Rain\Foundation\Application), Array, Object(Closure))
#4 C:\xampp\htdocs\october\vendor\laravel\framework\src\Illuminate\Container\Container.php(549): Illuminate\Container\BoundMethod::call(Object(October\Rain\Foundation\Application), Array, Array, NULL)
#5 C:\xampp\htdocs\october\vendor\laravel\framework\src\Illuminate\Foundation\Application.php(792): Illuminate\Container\Container->call(Array)
#6 C:\xampp\htdocs\october\vendor\laravel\framework\src\Illuminate\Foundation\Application.php(775): Illuminate\Foundation\Application->bootProvider(Object(VscodeLaravelExtraIntellisenseProvider))
#7 [internal function]: Illuminate\Foundation\Application->Illuminate\Foundation\{closure}(Object(VscodeLaravelExtraIntellisenseProvider), 5)
#8 C:\xampp\htdocs\october\vendor\laravel\framework\src\Illuminate\Foundation\Application.php(776): array_walk(Array, Object(Closure))
#9 C:\xampp\htdocs\october\vendor\laravel\framework\src\Illuminate\Foundation\Bootstrap\BootProviders.php(17): Illuminate\Foundation\Application->boot()
#10 C:\xampp\htdocs\october\vendor\laravel\framework\src\Illuminate\Foundation\Application.php(213): Illuminate\Foundation\Bootstrap\BootProviders->bootstrap(Object(October\Rain\Foundation\Application))
#11 C:\xampp\htdocs\october\vendor\laravel\framework\src\Illuminate\Foundation\Console\Kernel.php(296): Illuminate\Foundation\Application->bootstrapWith(Array)
#12 C:\xampp\htdocs\october\vendor\laravel\framework\src\Illuminate\Foundation\Console\Kernel.php(119): Illuminate\Foundation\Console\Kernel->bootstrap()
#13 Command line code(1): Illuminate\Foundation\Console\Kernel->handle(Object(Symfony\Component\Console\Input\ArgvInput), Object(Symfony\Component\Console\Output\ConsoleOutput))
#14 {main}  
[2020-03-03 10:05:12] development.ERROR: Symfony\Component\Debug\Exception\FatalThrowableError: Call to undefined method Illuminate\Log\Writer::setHandlers() in Command line code:1
Stack trace:
#0 [internal function]: VscodeLaravelExtraIntellisenseProvider->boot()
#1 C:\xampp\htdocs\october\vendor\laravel\framework\src\Illuminate\Container\BoundMethod.php(29): call_user_func_array(Array, Array)
#2 C:\xampp\htdocs\october\vendor\laravel\framework\src\Illuminate\Container\BoundMethod.php(87): Illuminate\Container\BoundMethod::Illuminate\Container\{closure}()
#3 C:\xampp\htdocs\october\vendor\laravel\framework\src\Illuminate\Container\BoundMethod.php(31): Illuminate\Container\BoundMethod::callBoundMethod(Object(October\Rain\Foundation\Application), Array, Object(Closure))
#4 C:\xampp\htdocs\october\vendor\laravel\framework\src\Illuminate\Container\Container.php(549): Illuminate\Container\BoundMethod::call(Object(October\Rain\Foundation\Application), Array, Array, NULL)
#5 C:\xampp\htdocs\october\vendor\laravel\framework\src\Illuminate\Foundation\Application.php(792): Illuminate\Container\Container->call(Array)
#6 C:\xampp\htdocs\october\vendor\laravel\framework\src\Illuminate\Foundation\Application.php(775): Illuminate\Foundation\Application->bootProvider(Object(VscodeLaravelExtraIntellisenseProvider))
#7 [internal function]: Illuminate\Foundation\Application->Illuminate\Foundation\{closure}(Object(VscodeLaravelExtraIntellisenseProvider), 5)
#8 C:\xampp\htdocs\october\vendor\laravel\framework\src\Illuminate\Foundation\Application.php(776): array_walk(Array, Object(Closure))
#9 C:\xampp\htdocs\october\vendor\laravel\framework\src\Illuminate\Foundation\Bootstrap\BootProviders.php(17): Illuminate\Foundation\Application->boot()
#10 C:\xampp\htdocs\october\vendor\laravel\framework\src\Illuminate\Foundation\Application.php(213): Illuminate\Foundation\Bootstrap\BootProviders->bootstrap(Object(October\Rain\Foundation\Application))
#11 C:\xampp\htdocs\october\vendor\laravel\framework\src\Illuminate\Foundation\Console\Kernel.php(296): Illuminate\Foundation\Application->bootstrapWith(Array)
#12 C:\xampp\htdocs\october\vendor\laravel\framework\src\Illuminate\Foundation\Console\Kernel.php(119): Illuminate\Foundation\Console\Kernel->bootstrap()
#13 Command line code(1): Illuminate\Foundation\Console\Kernel->handle(Object(Symfony\Component\Console\Input\ArgvInput), Object(Symfony\Component\Console\Output\ConsoleOutput))
#14 {main}  
[2020-03-03 10:05:12] development.ERROR: Symfony\Component\Debug\Exception\FatalErrorException: Uncaught Error: Call to undefined method October\Rain\Translation\FileLoader::namespaces() in Command line code:1
Stack trace:
#0 {main}
  thrown in Command line code:1
Stack trace:
#0 {main}  
[2020-03-03 10:06:45] development.ERROR: Symfony\Component\Debug\Exception\FatalThrowableError: Call to undefined method Illuminate\Log\Writer::setHandlers() in Command line code:1
Stack trace:
#0 [internal function]: VscodeLaravelExtraIntellisenseProvider->boot()
#1 C:\xampp\htdocs\october\vendor\laravel\framework\src\Illuminate\Container\BoundMethod.php(29): call_user_func_array(Array, Array)
#2 C:\xampp\htdocs\october\vendor\laravel\framework\src\Illuminate\Container\BoundMethod.php(87): Illuminate\Container\BoundMethod::Illuminate\Container\{closure}()
#3 C:\xampp\htdocs\october\vendor\laravel\framework\src\Illuminate\Container\BoundMethod.php(31): Illuminate\Container\BoundMethod::callBoundMethod(Object(October\Rain\Foundation\Application), Array, Object(Closure))
#4 C:\xampp\htdocs\october\vendor\laravel\framework\src\Illuminate\Container\Container.php(549): Illuminate\Container\BoundMethod::call(Object(October\Rain\Foundation\Application), Array, Array, NULL)
#5 C:\xampp\htdocs\october\vendor\laravel\framework\src\Illuminate\Foundation\Application.php(792): Illuminate\Container\Container->call(Array)
#6 C:\xampp\htdocs\october\vendor\laravel\framework\src\Illuminate\Foundation\Application.php(775): Illuminate\Foundation\Application->bootProvider(Object(VscodeLaravelExtraIntellisenseProvider))
#7 [internal function]: Illuminate\Foundation\Application->Illuminate\Foundation\{closure}(Object(VscodeLaravelExtraIntellisenseProvider), 5)
#8 C:\xampp\htdocs\october\vendor\laravel\framework\src\Illuminate\Foundation\Application.php(776): array_walk(Array, Object(Closure))
#9 C:\xampp\htdocs\october\vendor\laravel\framework\src\Illuminate\Foundation\Bootstrap\BootProviders.php(17): Illuminate\Foundation\Application->boot()
#10 C:\xampp\htdocs\october\vendor\laravel\framework\src\Illuminate\Foundation\Application.php(213): Illuminate\Foundation\Bootstrap\BootProviders->bootstrap(Object(October\Rain\Foundation\Application))
#11 C:\xampp\htdocs\october\vendor\laravel\framework\src\Illuminate\Foundation\Console\Kernel.php(296): Illuminate\Foundation\Application->bootstrapWith(Array)
#12 C:\xampp\htdocs\october\vendor\laravel\framework\src\Illuminate\Foundation\Console\Kernel.php(119): Illuminate\Foundation\Console\Kernel->bootstrap()
#13 Command line code(1): Illuminate\Foundation\Console\Kernel->handle(Object(Symfony\Component\Console\Input\ArgvInput), Object(Symfony\Component\Console\Output\ConsoleOutput))
#14 {main}  
[2020-03-03 10:07:15] development.ERROR: Symfony\Component\Debug\Exception\FatalThrowableError: Call to undefined method Illuminate\Log\Writer::setHandlers() in Command line code:1
Stack trace:
#0 [internal function]: VscodeLaravelExtraIntellisenseProvider->boot()
#1 C:\xampp\htdocs\october\vendor\laravel\framework\src\Illuminate\Container\BoundMethod.php(29): call_user_func_array(Array, Array)
#2 C:\xampp\htdocs\october\vendor\laravel\framework\src\Illuminate\Container\BoundMethod.php(87): Illuminate\Container\BoundMethod::Illuminate\Container\{closure}()
#3 C:\xampp\htdocs\october\vendor\laravel\framework\src\Illuminate\Container\BoundMethod.php(31): Illuminate\Container\BoundMethod::callBoundMethod(Object(October\Rain\Foundation\Application), Array, Object(Closure))
#4 C:\xampp\htdocs\october\vendor\laravel\framework\src\Illuminate\Container\Container.php(549): Illuminate\Container\BoundMethod::call(Object(October\Rain\Foundation\Application), Array, Array, NULL)
#5 C:\xampp\htdocs\october\vendor\laravel\framework\src\Illuminate\Foundation\Application.php(792): Illuminate\Container\Container->call(Array)
#6 C:\xampp\htdocs\october\vendor\laravel\framework\src\Illuminate\Foundation\Application.php(775): Illuminate\Foundation\Application->bootProvider(Object(VscodeLaravelExtraIntellisenseProvider))
#7 [internal function]: Illuminate\Foundation\Application->Illuminate\Foundation\{closure}(Object(VscodeLaravelExtraIntellisenseProvider), 5)
#8 C:\xampp\htdocs\october\vendor\laravel\framework\src\Illuminate\Foundation\Application.php(776): array_walk(Array, Object(Closure))
#9 C:\xampp\htdocs\october\vendor\laravel\framework\src\Illuminate\Foundation\Bootstrap\BootProviders.php(17): Illuminate\Foundation\Application->boot()
#10 C:\xampp\htdocs\october\vendor\laravel\framework\src\Illuminate\Foundation\Application.php(213): Illuminate\Foundation\Bootstrap\BootProviders->bootstrap(Object(October\Rain\Foundation\Application))
#11 C:\xampp\htdocs\october\vendor\laravel\framework\src\Illuminate\Foundation\Console\Kernel.php(296): Illuminate\Foundation\Application->bootstrapWith(Array)
#12 C:\xampp\htdocs\october\vendor\laravel\framework\src\Illuminate\Foundation\Console\Kernel.php(119): Illuminate\Foundation\Console\Kernel->bootstrap()
#13 Command line code(1): Illuminate\Foundation\Console\Kernel->handle(Object(Symfony\Component\Console\Input\ArgvInput), Object(Symfony\Component\Console\Output\ConsoleOutput))
#14 {main}  
[2020-03-03 10:07:15] development.ERROR: Symfony\Component\Debug\Exception\FatalErrorException: Uncaught Error: Call to undefined method October\Rain\Translation\FileLoader::namespaces() in Command line code:1
Stack trace:
#0 {main}
  thrown in Command line code:1
Stack trace:
#0 {main}  
[2020-03-03 10:07:36] development.ERROR: Symfony\Component\Debug\Exception\FatalThrowableError: Call to undefined method Illuminate\Log\Writer::setHandlers() in Command line code:1
Stack trace:
#0 [internal function]: VscodeLaravelExtraIntellisenseProvider->boot()
#1 C:\xampp\htdocs\october\vendor\laravel\framework\src\Illuminate\Container\BoundMethod.php(29): call_user_func_array(Array, Array)
#2 C:\xampp\htdocs\october\vendor\laravel\framework\src\Illuminate\Container\BoundMethod.php(87): Illuminate\Container\BoundMethod::Illuminate\Container\{closure}()
#3 C:\xampp\htdocs\october\vendor\laravel\framework\src\Illuminate\Container\BoundMethod.php(31): Illuminate\Container\BoundMethod::callBoundMethod(Object(October\Rain\Foundation\Application), Array, Object(Closure))
#4 C:\xampp\htdocs\october\vendor\laravel\framework\src\Illuminate\Container\Container.php(549): Illuminate\Container\BoundMethod::call(Object(October\Rain\Foundation\Application), Array, Array, NULL)
#5 C:\xampp\htdocs\october\vendor\laravel\framework\src\Illuminate\Foundation\Application.php(792): Illuminate\Container\Container->call(Array)
#6 C:\xampp\htdocs\october\vendor\laravel\framework\src\Illuminate\Foundation\Application.php(775): Illuminate\Foundation\Application->bootProvider(Object(VscodeLaravelExtraIntellisenseProvider))
#7 [internal function]: Illuminate\Foundation\Application->Illuminate\Foundation\{closure}(Object(VscodeLaravelExtraIntellisenseProvider), 5)
#8 C:\xampp\htdocs\october\vendor\laravel\framework\src\Illuminate\Foundation\Application.php(776): array_walk(Array, Object(Closure))
#9 C:\xampp\htdocs\october\vendor\laravel\framework\src\Illuminate\Foundation\Bootstrap\BootProviders.php(17): Illuminate\Foundation\Application->boot()
#10 C:\xampp\htdocs\october\vendor\laravel\framework\src\Illuminate\Foundation\Application.php(213): Illuminate\Foundation\Bootstrap\BootProviders->bootstrap(Object(October\Rain\Foundation\Application))
#11 C:\xampp\htdocs\october\vendor\laravel\framework\src\Illuminate\Foundation\Console\Kernel.php(296): Illuminate\Foundation\Application->bootstrapWith(Array)
#12 C:\xampp\htdocs\october\vendor\laravel\framework\src\Illuminate\Foundation\Console\Kernel.php(119): Illuminate\Foundation\Console\Kernel->bootstrap()
#13 Command line code(1): Illuminate\Foundation\Console\Kernel->handle(Object(Symfony\Component\Console\Input\ArgvInput), Object(Symfony\Component\Console\Output\ConsoleOutput))
#14 {main}  
[2020-03-03 10:07:36] development.ERROR: Symfony\Component\Debug\Exception\FatalThrowableError: Call to undefined method Illuminate\Log\Writer::setHandlers() in Command line code:1
Stack trace:
#0 [internal function]: VscodeLaravelExtraIntellisenseProvider->boot()
#1 C:\xampp\htdocs\october\vendor\laravel\framework\src\Illuminate\Container\BoundMethod.php(29): call_user_func_array(Array, Array)
#2 C:\xampp\htdocs\october\vendor\laravel\framework\src\Illuminate\Container\BoundMethod.php(87): Illuminate\Container\BoundMethod::Illuminate\Container\{closure}()
#3 C:\xampp\htdocs\october\vendor\laravel\framework\src\Illuminate\Container\BoundMethod.php(31): Illuminate\Container\BoundMethod::callBoundMethod(Object(October\Rain\Foundation\Application), Array, Object(Closure))
#4 C:\xampp\htdocs\october\vendor\laravel\framework\src\Illuminate\Container\Container.php(549): Illuminate\Container\BoundMethod::call(Object(October\Rain\Foundation\Application), Array, Array, NULL)
#5 C:\xampp\htdocs\october\vendor\laravel\framework\src\Illuminate\Foundation\Application.php(792): Illuminate\Container\Container->call(Array)
#6 C:\xampp\htdocs\october\vendor\laravel\framework\src\Illuminate\Foundation\Application.php(775): Illuminate\Foundation\Application->bootProvider(Object(VscodeLaravelExtraIntellisenseProvider))
#7 [internal function]: Illuminate\Foundation\Application->Illuminate\Foundation\{closure}(Object(VscodeLaravelExtraIntellisenseProvider), 5)
#8 C:\xampp\htdocs\october\vendor\laravel\framework\src\Illuminate\Foundation\Application.php(776): array_walk(Array, Object(Closure))
#9 C:\xampp\htdocs\october\vendor\laravel\framework\src\Illuminate\Foundation\Bootstrap\BootProviders.php(17): Illuminate\Foundation\Application->boot()
#10 C:\xampp\htdocs\october\vendor\laravel\framework\src\Illuminate\Foundation\Application.php(213): Illuminate\Foundation\Bootstrap\BootProviders->bootstrap(Object(October\Rain\Foundation\Application))
#11 C:\xampp\htdocs\october\vendor\laravel\framework\src\Illuminate\Foundation\Console\Kernel.php(296): Illuminate\Foundation\Application->bootstrapWith(Array)
#12 C:\xampp\htdocs\october\vendor\laravel\framework\src\Illuminate\Foundation\Console\Kernel.php(119): Illuminate\Foundation\Console\Kernel->bootstrap()
#13 Command line code(1): Illuminate\Foundation\Console\Kernel->handle(Object(Symfony\Component\Console\Input\ArgvInput), Object(Symfony\Component\Console\Output\ConsoleOutput))
#14 {main}  
[2020-03-03 10:07:36] development.ERROR: Symfony\Component\Debug\Exception\FatalThrowableError: Call to undefined method Illuminate\Log\Writer::setHandlers() in Command line code:1
Stack trace:
#0 [internal function]: VscodeLaravelExtraIntellisenseProvider->boot()
#1 C:\xampp\htdocs\october\vendor\laravel\framework\src\Illuminate\Container\BoundMethod.php(29): call_user_func_array(Array, Array)
#2 C:\xampp\htdocs\october\vendor\laravel\framework\src\Illuminate\Container\BoundMethod.php(87): Illuminate\Container\BoundMethod::Illuminate\Container\{closure}()
#3 C:\xampp\htdocs\october\vendor\laravel\framework\src\Illuminate\Container\BoundMethod.php(31): Illuminate\Container\BoundMethod::callBoundMethod(Object(October\Rain\Foundation\Application), Array, Object(Closure))
#4 C:\xampp\htdocs\october\vendor\laravel\framework\src\Illuminate\Container\Container.php(549): Illuminate\Container\BoundMethod::call(Object(October\Rain\Foundation\Application), Array, Array, NULL)
#5 C:\xampp\htdocs\october\vendor\laravel\framework\src\Illuminate\Foundation\Application.php(792): Illuminate\Container\Container->call(Array)
#6 C:\xampp\htdocs\october\vendor\laravel\framework\src\Illuminate\Foundation\Application.php(775): Illuminate\Foundation\Application->bootProvider(Object(VscodeLaravelExtraIntellisenseProvider))
#7 [internal function]: Illuminate\Foundation\Application->Illuminate\Foundation\{closure}(Object(VscodeLaravelExtraIntellisenseProvider), 5)
#8 C:\xampp\htdocs\october\vendor\laravel\framework\src\Illuminate\Foundation\Application.php(776): array_walk(Array, Object(Closure))
#9 C:\xampp\htdocs\october\vendor\laravel\framework\src\Illuminate\Foundation\Bootstrap\BootProviders.php(17): Illuminate\Foundation\Application->boot()
#10 C:\xampp\htdocs\october\vendor\laravel\framework\src\Illuminate\Foundation\Application.php(213): Illuminate\Foundation\Bootstrap\BootProviders->bootstrap(Object(October\Rain\Foundation\Application))
#11 C:\xampp\htdocs\october\vendor\laravel\framework\src\Illuminate\Foundation\Console\Kernel.php(296): Illuminate\Foundation\Application->bootstrapWith(Array)
#12 C:\xampp\htdocs\october\vendor\laravel\framework\src\Illuminate\Foundation\Console\Kernel.php(119): Illuminate\Foundation\Console\Kernel->bootstrap()
#13 Command line code(1): Illuminate\Foundation\Console\Kernel->handle(Object(Symfony\Component\Console\Input\ArgvInput), Object(Symfony\Component\Console\Output\ConsoleOutput))
#14 {main}  
[2020-03-03 10:08:11] development.ERROR: Symfony\Component\Debug\Exception\FatalThrowableError: Call to undefined method Illuminate\Log\Writer::setHandlers() in Command line code:1
Stack trace:
#0 [internal function]: VscodeLaravelExtraIntellisenseProvider->boot()
#1 C:\xampp\htdocs\october\vendor\laravel\framework\src\Illuminate\Container\BoundMethod.php(29): call_user_func_array(Array, Array)
#2 C:\xampp\htdocs\october\vendor\laravel\framework\src\Illuminate\Container\BoundMethod.php(87): Illuminate\Container\BoundMethod::Illuminate\Container\{closure}()
#3 C:\xampp\htdocs\october\vendor\laravel\framework\src\Illuminate\Container\BoundMethod.php(31): Illuminate\Container\BoundMethod::callBoundMethod(Object(October\Rain\Foundation\Application), Array, Object(Closure))
#4 C:\xampp\htdocs\october\vendor\laravel\framework\src\Illuminate\Container\Container.php(549): Illuminate\Container\BoundMethod::call(Object(October\Rain\Foundation\Application), Array, Array, NULL)
#5 C:\xampp\htdocs\october\vendor\laravel\framework\src\Illuminate\Foundation\Application.php(792): Illuminate\Container\Container->call(Array)
#6 C:\xampp\htdocs\october\vendor\laravel\framework\src\Illuminate\Foundation\Application.php(775): Illuminate\Foundation\Application->bootProvider(Object(VscodeLaravelExtraIntellisenseProvider))
#7 [internal function]: Illuminate\Foundation\Application->Illuminate\Foundation\{closure}(Object(VscodeLaravelExtraIntellisenseProvider), 5)
#8 C:\xampp\htdocs\october\vendor\laravel\framework\src\Illuminate\Foundation\Application.php(776): array_walk(Array, Object(Closure))
#9 C:\xampp\htdocs\october\vendor\laravel\framework\src\Illuminate\Foundation\Bootstrap\BootProviders.php(17): Illuminate\Foundation\Application->boot()
#10 C:\xampp\htdocs\october\vendor\laravel\framework\src\Illuminate\Foundation\Application.php(213): Illuminate\Foundation\Bootstrap\BootProviders->bootstrap(Object(October\Rain\Foundation\Application))
#11 C:\xampp\htdocs\october\vendor\laravel\framework\src\Illuminate\Foundation\Console\Kernel.php(296): Illuminate\Foundation\Application->bootstrapWith(Array)
#12 C:\xampp\htdocs\october\vendor\laravel\framework\src\Illuminate\Foundation\Console\Kernel.php(119): Illuminate\Foundation\Console\Kernel->bootstrap()
#13 Command line code(1): Illuminate\Foundation\Console\Kernel->handle(Object(Symfony\Component\Console\Input\ArgvInput), Object(Symfony\Component\Console\Output\ConsoleOutput))
#14 {main}  
[2020-03-03 10:08:11] development.ERROR: Symfony\Component\Debug\Exception\FatalErrorException: Uncaught Error: Call to undefined method October\Rain\Translation\FileLoader::namespaces() in Command line code:1
Stack trace:
#0 {main}
  thrown in Command line code:1
Stack trace:
#0 {main}  
[2020-03-03 10:08:14] development.ERROR: Symfony\Component\Debug\Exception\FatalThrowableError: Call to undefined method Illuminate\Log\Writer::setHandlers() in Command line code:1
Stack trace:
#0 [internal function]: VscodeLaravelExtraIntellisenseProvider->boot()
#1 C:\xampp\htdocs\october\vendor\laravel\framework\src\Illuminate\Container\BoundMethod.php(29): call_user_func_array(Array, Array)
#2 C:\xampp\htdocs\october\vendor\laravel\framework\src\Illuminate\Container\BoundMethod.php(87): Illuminate\Container\BoundMethod::Illuminate\Container\{closure}()
#3 C:\xampp\htdocs\october\vendor\laravel\framework\src\Illuminate\Container\BoundMethod.php(31): Illuminate\Container\BoundMethod::callBoundMethod(Object(October\Rain\Foundation\Application), Array, Object(Closure))
#4 C:\xampp\htdocs\october\vendor\laravel\framework\src\Illuminate\Container\Container.php(549): Illuminate\Container\BoundMethod::call(Object(October\Rain\Foundation\Application), Array, Array, NULL)
#5 C:\xampp\htdocs\october\vendor\laravel\framework\src\Illuminate\Foundation\Application.php(792): Illuminate\Container\Container->call(Array)
#6 C:\xampp\htdocs\october\vendor\laravel\framework\src\Illuminate\Foundation\Application.php(775): Illuminate\Foundation\Application->bootProvider(Object(VscodeLaravelExtraIntellisenseProvider))
#7 [internal function]: Illuminate\Foundation\Application->Illuminate\Foundation\{closure}(Object(VscodeLaravelExtraIntellisenseProvider), 5)
#8 C:\xampp\htdocs\october\vendor\laravel\framework\src\Illuminate\Foundation\Application.php(776): array_walk(Array, Object(Closure))
#9 C:\xampp\htdocs\october\vendor\laravel\framework\src\Illuminate\Foundation\Bootstrap\BootProviders.php(17): Illuminate\Foundation\Application->boot()
#10 C:\xampp\htdocs\october\vendor\laravel\framework\src\Illuminate\Foundation\Application.php(213): Illuminate\Foundation\Bootstrap\BootProviders->bootstrap(Object(October\Rain\Foundation\Application))
#11 C:\xampp\htdocs\october\vendor\laravel\framework\src\Illuminate\Foundation\Console\Kernel.php(296): Illuminate\Foundation\Application->bootstrapWith(Array)
#12 C:\xampp\htdocs\october\vendor\laravel\framework\src\Illuminate\Foundation\Console\Kernel.php(119): Illuminate\Foundation\Console\Kernel->bootstrap()
#13 Command line code(1): Illuminate\Foundation\Console\Kernel->handle(Object(Symfony\Component\Console\Input\ArgvInput), Object(Symfony\Component\Console\Output\ConsoleOutput))
#14 {main}  
[2020-03-03 10:08:19] development.ERROR: Symfony\Component\Debug\Exception\FatalThrowableError: Call to undefined method Illuminate\Log\Writer::setHandlers() in Command line code:1
Stack trace:
#0 [internal function]: VscodeLaravelExtraIntellisenseProvider->boot()
#1 C:\xampp\htdocs\october\vendor\laravel\framework\src\Illuminate\Container\BoundMethod.php(29): call_user_func_array(Array, Array)
#2 C:\xampp\htdocs\october\vendor\laravel\framework\src\Illuminate\Container\BoundMethod.php(87): Illuminate\Container\BoundMethod::Illuminate\Container\{closure}()
#3 C:\xampp\htdocs\october\vendor\laravel\framework\src\Illuminate\Container\BoundMethod.php(31): Illuminate\Container\BoundMethod::callBoundMethod(Object(October\Rain\Foundation\Application), Array, Object(Closure))
#4 C:\xampp\htdocs\october\vendor\laravel\framework\src\Illuminate\Container\Container.php(549): Illuminate\Container\BoundMethod::call(Object(October\Rain\Foundation\Application), Array, Array, NULL)
#5 C:\xampp\htdocs\october\vendor\laravel\framework\src\Illuminate\Foundation\Application.php(792): Illuminate\Container\Container->call(Array)
#6 C:\xampp\htdocs\october\vendor\laravel\framework\src\Illuminate\Foundation\Application.php(775): Illuminate\Foundation\Application->bootProvider(Object(VscodeLaravelExtraIntellisenseProvider))
#7 [internal function]: Illuminate\Foundation\Application->Illuminate\Foundation\{closure}(Object(VscodeLaravelExtraIntellisenseProvider), 5)
#8 C:\xampp\htdocs\october\vendor\laravel\framework\src\Illuminate\Foundation\Application.php(776): array_walk(Array, Object(Closure))
#9 C:\xampp\htdocs\october\vendor\laravel\framework\src\Illuminate\Foundation\Bootstrap\BootProviders.php(17): Illuminate\Foundation\Application->boot()
#10 C:\xampp\htdocs\october\vendor\laravel\framework\src\Illuminate\Foundation\Application.php(213): Illuminate\Foundation\Bootstrap\BootProviders->bootstrap(Object(October\Rain\Foundation\Application))
#11 C:\xampp\htdocs\october\vendor\laravel\framework\src\Illuminate\Foundation\Console\Kernel.php(296): Illuminate\Foundation\Application->bootstrapWith(Array)
#12 C:\xampp\htdocs\october\vendor\laravel\framework\src\Illuminate\Foundation\Console\Kernel.php(119): Illuminate\Foundation\Console\Kernel->bootstrap()
#13 Command line code(1): Illuminate\Foundation\Console\Kernel->handle(Object(Symfony\Component\Console\Input\ArgvInput), Object(Symfony\Component\Console\Output\ConsoleOutput))
#14 {main}  
[2020-03-03 10:08:19] development.ERROR: Symfony\Component\Debug\Exception\FatalErrorException: Uncaught Error: Call to undefined method October\Rain\Translation\FileLoader::namespaces() in Command line code:1
Stack trace:
#0 {main}
  thrown in Command line code:1
Stack trace:
#0 {main}  
[2020-03-03 10:08:27] development.ERROR: Symfony\Component\Debug\Exception\FatalThrowableError: Call to undefined method Illuminate\Log\Writer::setHandlers() in Command line code:1
Stack trace:
#0 [internal function]: VscodeLaravelExtraIntellisenseProvider->boot()
#1 C:\xampp\htdocs\october\vendor\laravel\framework\src\Illuminate\Container\BoundMethod.php(29): call_user_func_array(Array, Array)
#2 C:\xampp\htdocs\october\vendor\laravel\framework\src\Illuminate\Container\BoundMethod.php(87): Illuminate\Container\BoundMethod::Illuminate\Container\{closure}()
#3 C:\xampp\htdocs\october\vendor\laravel\framework\src\Illuminate\Container\BoundMethod.php(31): Illuminate\Container\BoundMethod::callBoundMethod(Object(October\Rain\Foundation\Application), Array, Object(Closure))
#4 C:\xampp\htdocs\october\vendor\laravel\framework\src\Illuminate\Container\Container.php(549): Illuminate\Container\BoundMethod::call(Object(October\Rain\Foundation\Application), Array, Array, NULL)
#5 C:\xampp\htdocs\october\vendor\laravel\framework\src\Illuminate\Foundation\Application.php(792): Illuminate\Container\Container->call(Array)
#6 C:\xampp\htdocs\october\vendor\laravel\framework\src\Illuminate\Foundation\Application.php(775): Illuminate\Foundation\Application->bootProvider(Object(VscodeLaravelExtraIntellisenseProvider))
#7 [internal function]: Illuminate\Foundation\Application->Illuminate\Foundation\{closure}(Object(VscodeLaravelExtraIntellisenseProvider), 5)
#8 C:\xampp\htdocs\october\vendor\laravel\framework\src\Illuminate\Foundation\Application.php(776): array_walk(Array, Object(Closure))
#9 C:\xampp\htdocs\october\vendor\laravel\framework\src\Illuminate\Foundation\Bootstrap\BootProviders.php(17): Illuminate\Foundation\Application->boot()
#10 C:\xampp\htdocs\october\vendor\laravel\framework\src\Illuminate\Foundation\Application.php(213): Illuminate\Foundation\Bootstrap\BootProviders->bootstrap(Object(October\Rain\Foundation\Application))
#11 C:\xampp\htdocs\october\vendor\laravel\framework\src\Illuminate\Foundation\Console\Kernel.php(296): Illuminate\Foundation\Application->bootstrapWith(Array)
#12 C:\xampp\htdocs\october\vendor\laravel\framework\src\Illuminate\Foundation\Console\Kernel.php(119): Illuminate\Foundation\Console\Kernel->bootstrap()
#13 Command line code(1): Illuminate\Foundation\Console\Kernel->handle(Object(Symfony\Component\Console\Input\ArgvInput), Object(Symfony\Component\Console\Output\ConsoleOutput))
#14 {main}  
[2020-03-03 10:08:27] development.ERROR: Symfony\Component\Debug\Exception\FatalThrowableError: Call to undefined method Illuminate\Log\Writer::setHandlers() in Command line code:1
Stack trace:
#0 [internal function]: VscodeLaravelExtraIntellisenseProvider->boot()
#1 C:\xampp\htdocs\october\vendor\laravel\framework\src\Illuminate\Container\BoundMethod.php(29): call_user_func_array(Array, Array)
#2 C:\xampp\htdocs\october\vendor\laravel\framework\src\Illuminate\Container\BoundMethod.php(87): Illuminate\Container\BoundMethod::Illuminate\Container\{closure}()
#3 C:\xampp\htdocs\october\vendor\laravel\framework\src\Illuminate\Container\BoundMethod.php(31): Illuminate\Container\BoundMethod::callBoundMethod(Object(October\Rain\Foundation\Application), Array, Object(Closure))
#4 C:\xampp\htdocs\october\vendor\laravel\framework\src\Illuminate\Container\Container.php(549): Illuminate\Container\BoundMethod::call(Object(October\Rain\Foundation\Application), Array, Array, NULL)
#5 C:\xampp\htdocs\october\vendor\laravel\framework\src\Illuminate\Foundation\Application.php(792): Illuminate\Container\Container->call(Array)
#6 C:\xampp\htdocs\october\vendor\laravel\framework\src\Illuminate\Foundation\Application.php(775): Illuminate\Foundation\Application->bootProvider(Object(VscodeLaravelExtraIntellisenseProvider))
#7 [internal function]: Illuminate\Foundation\Application->Illuminate\Foundation\{closure}(Object(VscodeLaravelExtraIntellisenseProvider), 5)
#8 C:\xampp\htdocs\october\vendor\laravel\framework\src\Illuminate\Foundation\Application.php(776): array_walk(Array, Object(Closure))
#9 C:\xampp\htdocs\october\vendor\laravel\framework\src\Illuminate\Foundation\Bootstrap\BootProviders.php(17): Illuminate\Foundation\Application->boot()
#10 C:\xampp\htdocs\october\vendor\laravel\framework\src\Illuminate\Foundation\Application.php(213): Illuminate\Foundation\Bootstrap\BootProviders->bootstrap(Object(October\Rain\Foundation\Application))
#11 C:\xampp\htdocs\october\vendor\laravel\framework\src\Illuminate\Foundation\Console\Kernel.php(296): Illuminate\Foundation\Application->bootstrapWith(Array)
#12 C:\xampp\htdocs\october\vendor\laravel\framework\src\Illuminate\Foundation\Console\Kernel.php(119): Illuminate\Foundation\Console\Kernel->bootstrap()
#13 Command line code(1): Illuminate\Foundation\Console\Kernel->handle(Object(Symfony\Component\Console\Input\ArgvInput), Object(Symfony\Component\Console\Output\ConsoleOutput))
#14 {main}  
[2020-03-03 10:08:27] development.ERROR: Symfony\Component\Debug\Exception\FatalThrowableError: Call to undefined method Illuminate\Log\Writer::setHandlers() in Command line code:1
Stack trace:
#0 [internal function]: VscodeLaravelExtraIntellisenseProvider->boot()
#1 C:\xampp\htdocs\october\vendor\laravel\framework\src\Illuminate\Container\BoundMethod.php(29): call_user_func_array(Array, Array)
#2 C:\xampp\htdocs\october\vendor\laravel\framework\src\Illuminate\Container\BoundMethod.php(87): Illuminate\Container\BoundMethod::Illuminate\Container\{closure}()
#3 C:\xampp\htdocs\october\vendor\laravel\framework\src\Illuminate\Container\BoundMethod.php(31): Illuminate\Container\BoundMethod::callBoundMethod(Object(October\Rain\Foundation\Application), Array, Object(Closure))
#4 C:\xampp\htdocs\october\vendor\laravel\framework\src\Illuminate\Container\Container.php(549): Illuminate\Container\BoundMethod::call(Object(October\Rain\Foundation\Application), Array, Array, NULL)
#5 C:\xampp\htdocs\october\vendor\laravel\framework\src\Illuminate\Foundation\Application.php(792): Illuminate\Container\Container->call(Array)
#6 C:\xampp\htdocs\october\vendor\laravel\framework\src\Illuminate\Foundation\Application.php(775): Illuminate\Foundation\Application->bootProvider(Object(VscodeLaravelExtraIntellisenseProvider))
#7 [internal function]: Illuminate\Foundation\Application->Illuminate\Foundation\{closure}(Object(VscodeLaravelExtraIntellisenseProvider), 5)
#8 C:\xampp\htdocs\october\vendor\laravel\framework\src\Illuminate\Foundation\Application.php(776): array_walk(Array, Object(Closure))
#9 C:\xampp\htdocs\october\vendor\laravel\framework\src\Illuminate\Foundation\Bootstrap\BootProviders.php(17): Illuminate\Foundation\Application->boot()
#10 C:\xampp\htdocs\october\vendor\laravel\framework\src\Illuminate\Foundation\Application.php(213): Illuminate\Foundation\Bootstrap\BootProviders->bootstrap(Object(October\Rain\Foundation\Application))
#11 C:\xampp\htdocs\october\vendor\laravel\framework\src\Illuminate\Foundation\Console\Kernel.php(296): Illuminate\Foundation\Application->bootstrapWith(Array)
#12 C:\xampp\htdocs\october\vendor\laravel\framework\src\Illuminate\Foundation\Console\Kernel.php(119): Illuminate\Foundation\Console\Kernel->bootstrap()
#13 Command line code(1): Illuminate\Foundation\Console\Kernel->handle(Object(Symfony\Component\Console\Input\ArgvInput), Object(Symfony\Component\Console\Output\ConsoleOutput))
#14 {main}  
[2020-03-03 10:08:27] development.ERROR: Symfony\Component\Debug\Exception\FatalThrowableError: Call to undefined method Illuminate\Log\Writer::setHandlers() in Command line code:1
Stack trace:
#0 [internal function]: VscodeLaravelExtraIntellisenseProvider->boot()
#1 C:\xampp\htdocs\october\vendor\laravel\framework\src\Illuminate\Container\BoundMethod.php(29): call_user_func_array(Array, Array)
#2 C:\xampp\htdocs\october\vendor\laravel\framework\src\Illuminate\Container\BoundMethod.php(87): Illuminate\Container\BoundMethod::Illuminate\Container\{closure}()
#3 C:\xampp\htdocs\october\vendor\laravel\framework\src\Illuminate\Container\BoundMethod.php(31): Illuminate\Container\BoundMethod::callBoundMethod(Object(October\Rain\Foundation\Application), Array, Object(Closure))
#4 C:\xampp\htdocs\october\vendor\laravel\framework\src\Illuminate\Container\Container.php(549): Illuminate\Container\BoundMethod::call(Object(October\Rain\Foundation\Application), Array, Array, NULL)
#5 C:\xampp\htdocs\october\vendor\laravel\framework\src\Illuminate\Foundation\Application.php(792): Illuminate\Container\Container->call(Array)
#6 C:\xampp\htdocs\october\vendor\laravel\framework\src\Illuminate\Foundation\Application.php(775): Illuminate\Foundation\Application->bootProvider(Object(VscodeLaravelExtraIntellisenseProvider))
#7 [internal function]: Illuminate\Foundation\Application->Illuminate\Foundation\{closure}(Object(VscodeLaravelExtraIntellisenseProvider), 5)
#8 C:\xampp\htdocs\october\vendor\laravel\framework\src\Illuminate\Foundation\Application.php(776): array_walk(Array, Object(Closure))
#9 C:\xampp\htdocs\october\vendor\laravel\framework\src\Illuminate\Foundation\Bootstrap\BootProviders.php(17): Illuminate\Foundation\Application->boot()
#10 C:\xampp\htdocs\october\vendor\laravel\framework\src\Illuminate\Foundation\Application.php(213): Illuminate\Foundation\Bootstrap\BootProviders->bootstrap(Object(October\Rain\Foundation\Application))
#11 C:\xampp\htdocs\october\vendor\laravel\framework\src\Illuminate\Foundation\Console\Kernel.php(296): Illuminate\Foundation\Application->bootstrapWith(Array)
#12 C:\xampp\htdocs\october\vendor\laravel\framework\src\Illuminate\Foundation\Console\Kernel.php(119): Illuminate\Foundation\Console\Kernel->bootstrap()
#13 Command line code(1): Illuminate\Foundation\Console\Kernel->handle(Object(Symfony\Component\Console\Input\ArgvInput), Object(Symfony\Component\Console\Output\ConsoleOutput))
#14 {main}  
[2020-03-03 10:08:27] development.ERROR: Symfony\Component\Debug\Exception\FatalErrorException: Uncaught Error: Call to undefined method October\Rain\Translation\FileLoader::namespaces() in Command line code:1
Stack trace:
#0 {main}
  thrown in Command line code:1
Stack trace:
#0 {main}  
[2020-03-03 10:08:30] development.ERROR: Symfony\Component\Debug\Exception\FatalThrowableError: Call to undefined method Illuminate\Log\Writer::setHandlers() in Command line code:1
Stack trace:
#0 [internal function]: VscodeLaravelExtraIntellisenseProvider->boot()
#1 C:\xampp\htdocs\october\vendor\laravel\framework\src\Illuminate\Container\BoundMethod.php(29): call_user_func_array(Array, Array)
#2 C:\xampp\htdocs\october\vendor\laravel\framework\src\Illuminate\Container\BoundMethod.php(87): Illuminate\Container\BoundMethod::Illuminate\Container\{closure}()
#3 C:\xampp\htdocs\october\vendor\laravel\framework\src\Illuminate\Container\BoundMethod.php(31): Illuminate\Container\BoundMethod::callBoundMethod(Object(October\Rain\Foundation\Application), Array, Object(Closure))
#4 C:\xampp\htdocs\october\vendor\laravel\framework\src\Illuminate\Container\Container.php(549): Illuminate\Container\BoundMethod::call(Object(October\Rain\Foundation\Application), Array, Array, NULL)
#5 C:\xampp\htdocs\october\vendor\laravel\framework\src\Illuminate\Foundation\Application.php(792): Illuminate\Container\Container->call(Array)
#6 C:\xampp\htdocs\october\vendor\laravel\framework\src\Illuminate\Foundation\Application.php(775): Illuminate\Foundation\Application->bootProvider(Object(VscodeLaravelExtraIntellisenseProvider))
#7 [internal function]: Illuminate\Foundation\Application->Illuminate\Foundation\{closure}(Object(VscodeLaravelExtraIntellisenseProvider), 5)
#8 C:\xampp\htdocs\october\vendor\laravel\framework\src\Illuminate\Foundation\Application.php(776): array_walk(Array, Object(Closure))
#9 C:\xampp\htdocs\october\vendor\laravel\framework\src\Illuminate\Foundation\Bootstrap\BootProviders.php(17): Illuminate\Foundation\Application->boot()
#10 C:\xampp\htdocs\october\vendor\laravel\framework\src\Illuminate\Foundation\Application.php(213): Illuminate\Foundation\Bootstrap\BootProviders->bootstrap(Object(October\Rain\Foundation\Application))
#11 C:\xampp\htdocs\october\vendor\laravel\framework\src\Illuminate\Foundation\Console\Kernel.php(296): Illuminate\Foundation\Application->bootstrapWith(Array)
#12 C:\xampp\htdocs\october\vendor\laravel\framework\src\Illuminate\Foundation\Console\Kernel.php(119): Illuminate\Foundation\Console\Kernel->bootstrap()
#13 Command line code(1): Illuminate\Foundation\Console\Kernel->handle(Object(Symfony\Component\Console\Input\ArgvInput), Object(Symfony\Component\Console\Output\ConsoleOutput))
#14 {main}  
[2020-03-03 10:08:39] development.ERROR: Symfony\Component\Debug\Exception\FatalThrowableError: Call to undefined method Illuminate\Log\Writer::setHandlers() in Command line code:1
Stack trace:
#0 [internal function]: VscodeLaravelExtraIntellisenseProvider->boot()
#1 C:\xampp\htdocs\october\vendor\laravel\framework\src\Illuminate\Container\BoundMethod.php(29): call_user_func_array(Array, Array)
#2 C:\xampp\htdocs\october\vendor\laravel\framework\src\Illuminate\Container\BoundMethod.php(87): Illuminate\Container\BoundMethod::Illuminate\Container\{closure}()
#3 C:\xampp\htdocs\october\vendor\laravel\framework\src\Illuminate\Container\BoundMethod.php(31): Illuminate\Container\BoundMethod::callBoundMethod(Object(October\Rain\Foundation\Application), Array, Object(Closure))
#4 C:\xampp\htdocs\october\vendor\laravel\framework\src\Illuminate\Container\Container.php(549): Illuminate\Container\BoundMethod::call(Object(October\Rain\Foundation\Application), Array, Array, NULL)
#5 C:\xampp\htdocs\october\vendor\laravel\framework\src\Illuminate\Foundation\Application.php(792): Illuminate\Container\Container->call(Array)
#6 C:\xampp\htdocs\october\vendor\laravel\framework\src\Illuminate\Foundation\Application.php(775): Illuminate\Foundation\Application->bootProvider(Object(VscodeLaravelExtraIntellisenseProvider))
#7 [internal function]: Illuminate\Foundation\Application->Illuminate\Foundation\{closure}(Object(VscodeLaravelExtraIntellisenseProvider), 5)
#8 C:\xampp\htdocs\october\vendor\laravel\framework\src\Illuminate\Foundation\Application.php(776): array_walk(Array, Object(Closure))
#9 C:\xampp\htdocs\october\vendor\laravel\framework\src\Illuminate\Foundation\Bootstrap\BootProviders.php(17): Illuminate\Foundation\Application->boot()
#10 C:\xampp\htdocs\october\vendor\laravel\framework\src\Illuminate\Foundation\Application.php(213): Illuminate\Foundation\Bootstrap\BootProviders->bootstrap(Object(October\Rain\Foundation\Application))
#11 C:\xampp\htdocs\october\vendor\laravel\framework\src\Illuminate\Foundation\Console\Kernel.php(296): Illuminate\Foundation\Application->bootstrapWith(Array)
#12 C:\xampp\htdocs\october\vendor\laravel\framework\src\Illuminate\Foundation\Console\Kernel.php(119): Illuminate\Foundation\Console\Kernel->bootstrap()
#13 Command line code(1): Illuminate\Foundation\Console\Kernel->handle(Object(Symfony\Component\Console\Input\ArgvInput), Object(Symfony\Component\Console\Output\ConsoleOutput))
#14 {main}  
[2020-03-03 10:08:39] development.ERROR: Symfony\Component\Debug\Exception\FatalThrowableError: Call to undefined method Illuminate\Log\Writer::setHandlers() in Command line code:1
Stack trace:
#0 [internal function]: VscodeLaravelExtraIntellisenseProvider->boot()
#1 C:\xampp\htdocs\october\vendor\laravel\framework\src\Illuminate\Container\BoundMethod.php(29): call_user_func_array(Array, Array)
#2 C:\xampp\htdocs\october\vendor\laravel\framework\src\Illuminate\Container\BoundMethod.php(87): Illuminate\Container\BoundMethod::Illuminate\Container\{closure}()
#3 C:\xampp\htdocs\october\vendor\laravel\framework\src\Illuminate\Container\BoundMethod.php(31): Illuminate\Container\BoundMethod::callBoundMethod(Object(October\Rain\Foundation\Application), Array, Object(Closure))
#4 C:\xampp\htdocs\october\vendor\laravel\framework\src\Illuminate\Container\Container.php(549): Illuminate\Container\BoundMethod::call(Object(October\Rain\Foundation\Application), Array, Array, NULL)
#5 C:\xampp\htdocs\october\vendor\laravel\framework\src\Illuminate\Foundation\Application.php(792): Illuminate\Container\Container->call(Array)
#6 C:\xampp\htdocs\october\vendor\laravel\framework\src\Illuminate\Foundation\Application.php(775): Illuminate\Foundation\Application->bootProvider(Object(VscodeLaravelExtraIntellisenseProvider))
#7 [internal function]: Illuminate\Foundation\Application->Illuminate\Foundation\{closure}(Object(VscodeLaravelExtraIntellisenseProvider), 5)
#8 C:\xampp\htdocs\october\vendor\laravel\framework\src\Illuminate\Foundation\Application.php(776): array_walk(Array, Object(Closure))
#9 C:\xampp\htdocs\october\vendor\laravel\framework\src\Illuminate\Foundation\Bootstrap\BootProviders.php(17): Illuminate\Foundation\Application->boot()
#10 C:\xampp\htdocs\october\vendor\laravel\framework\src\Illuminate\Foundation\Application.php(213): Illuminate\Foundation\Bootstrap\BootProviders->bootstrap(Object(October\Rain\Foundation\Application))
#11 C:\xampp\htdocs\october\vendor\laravel\framework\src\Illuminate\Foundation\Console\Kernel.php(296): Illuminate\Foundation\Application->bootstrapWith(Array)
#12 C:\xampp\htdocs\october\vendor\laravel\framework\src\Illuminate\Foundation\Console\Kernel.php(119): Illuminate\Foundation\Console\Kernel->bootstrap()
#13 Command line code(1): Illuminate\Foundation\Console\Kernel->handle(Object(Symfony\Component\Console\Input\ArgvInput), Object(Symfony\Component\Console\Output\ConsoleOutput))
#14 {main}  
[2020-03-03 10:08:39] development.ERROR: Symfony\Component\Debug\Exception\FatalThrowableError: Call to undefined method Illuminate\Log\Writer::setHandlers() in Command line code:1
Stack trace:
#0 [internal function]: VscodeLaravelExtraIntellisenseProvider->boot()
#1 C:\xampp\htdocs\october\vendor\laravel\framework\src\Illuminate\Container\BoundMethod.php(29): call_user_func_array(Array, Array)
#2 C:\xampp\htdocs\october\vendor\laravel\framework\src\Illuminate\Container\BoundMethod.php(87): Illuminate\Container\BoundMethod::Illuminate\Container\{closure}()
#3 C:\xampp\htdocs\october\vendor\laravel\framework\src\Illuminate\Container\BoundMethod.php(31): Illuminate\Container\BoundMethod::callBoundMethod(Object(October\Rain\Foundation\Application), Array, Object(Closure))
#4 C:\xampp\htdocs\october\vendor\laravel\framework\src\Illuminate\Container\Container.php(549): Illuminate\Container\BoundMethod::call(Object(October\Rain\Foundation\Application), Array, Array, NULL)
#5 C:\xampp\htdocs\october\vendor\laravel\framework\src\Illuminate\Foundation\Application.php(792): Illuminate\Container\Container->call(Array)
#6 C:\xampp\htdocs\october\vendor\laravel\framework\src\Illuminate\Foundation\Application.php(775): Illuminate\Foundation\Application->bootProvider(Object(VscodeLaravelExtraIntellisenseProvider))
#7 [internal function]: Illuminate\Foundation\Application->Illuminate\Foundation\{closure}(Object(VscodeLaravelExtraIntellisenseProvider), 5)
#8 C:\xampp\htdocs\october\vendor\laravel\framework\src\Illuminate\Foundation\Application.php(776): array_walk(Array, Object(Closure))
#9 C:\xampp\htdocs\october\vendor\laravel\framework\src\Illuminate\Foundation\Bootstrap\BootProviders.php(17): Illuminate\Foundation\Application->boot()
#10 C:\xampp\htdocs\october\vendor\laravel\framework\src\Illuminate\Foundation\Application.php(213): Illuminate\Foundation\Bootstrap\BootProviders->bootstrap(Object(October\Rain\Foundation\Application))
#11 C:\xampp\htdocs\october\vendor\laravel\framework\src\Illuminate\Foundation\Console\Kernel.php(296): Illuminate\Foundation\Application->bootstrapWith(Array)
#12 C:\xampp\htdocs\october\vendor\laravel\framework\src\Illuminate\Foundation\Console\Kernel.php(119): Illuminate\Foundation\Console\Kernel->bootstrap()
#13 Command line code(1): Illuminate\Foundation\Console\Kernel->handle(Object(Symfony\Component\Console\Input\ArgvInput), Object(Symfony\Component\Console\Output\ConsoleOutput))
#14 {main}  
[2020-03-03 10:08:39] development.ERROR: Symfony\Component\Debug\Exception\FatalThrowableError: Call to undefined method Illuminate\Log\Writer::setHandlers() in Command line code:1
Stack trace:
#0 [internal function]: VscodeLaravelExtraIntellisenseProvider->boot()
#1 C:\xampp\htdocs\october\vendor\laravel\framework\src\Illuminate\Container\BoundMethod.php(29): call_user_func_array(Array, Array)
#2 C:\xampp\htdocs\october\vendor\laravel\framework\src\Illuminate\Container\BoundMethod.php(87): Illuminate\Container\BoundMethod::Illuminate\Container\{closure}()
#3 C:\xampp\htdocs\october\vendor\laravel\framework\src\Illuminate\Container\BoundMethod.php(31): Illuminate\Container\BoundMethod::callBoundMethod(Object(October\Rain\Foundation\Application), Array, Object(Closure))
#4 C:\xampp\htdocs\october\vendor\laravel\framework\src\Illuminate\Container\Container.php(549): Illuminate\Container\BoundMethod::call(Object(October\Rain\Foundation\Application), Array, Array, NULL)
#5 C:\xampp\htdocs\october\vendor\laravel\framework\src\Illuminate\Foundation\Application.php(792): Illuminate\Container\Container->call(Array)
#6 C:\xampp\htdocs\october\vendor\laravel\framework\src\Illuminate\Foundation\Application.php(775): Illuminate\Foundation\Application->bootProvider(Object(VscodeLaravelExtraIntellisenseProvider))
#7 [internal function]: Illuminate\Foundation\Application->Illuminate\Foundation\{closure}(Object(VscodeLaravelExtraIntellisenseProvider), 5)
#8 C:\xampp\htdocs\october\vendor\laravel\framework\src\Illuminate\Foundation\Application.php(776): array_walk(Array, Object(Closure))
#9 C:\xampp\htdocs\october\vendor\laravel\framework\src\Illuminate\Foundation\Bootstrap\BootProviders.php(17): Illuminate\Foundation\Application->boot()
#10 C:\xampp\htdocs\october\vendor\laravel\framework\src\Illuminate\Foundation\Application.php(213): Illuminate\Foundation\Bootstrap\BootProviders->bootstrap(Object(October\Rain\Foundation\Application))
#11 C:\xampp\htdocs\october\vendor\laravel\framework\src\Illuminate\Foundation\Console\Kernel.php(296): Illuminate\Foundation\Application->bootstrapWith(Array)
#12 C:\xampp\htdocs\october\vendor\laravel\framework\src\Illuminate\Foundation\Console\Kernel.php(119): Illuminate\Foundation\Console\Kernel->bootstrap()
#13 Command line code(1): Illuminate\Foundation\Console\Kernel->handle(Object(Symfony\Component\Console\Input\ArgvInput), Object(Symfony\Component\Console\Output\ConsoleOutput))
#14 {main}  
[2020-03-03 10:08:39] development.ERROR: Symfony\Component\Debug\Exception\FatalErrorException: Uncaught Error: Call to undefined method October\Rain\Translation\FileLoader::namespaces() in Command line code:1
Stack trace:
#0 {main}
  thrown in Command line code:1
Stack trace:
#0 {main}  
[2020-03-03 10:08:42] development.ERROR: Symfony\Component\Debug\Exception\FatalThrowableError: Call to undefined method Illuminate\Log\Writer::setHandlers() in Command line code:1
Stack trace:
#0 [internal function]: VscodeLaravelExtraIntellisenseProvider->boot()
#1 C:\xampp\htdocs\october\vendor\laravel\framework\src\Illuminate\Container\BoundMethod.php(29): call_user_func_array(Array, Array)
#2 C:\xampp\htdocs\october\vendor\laravel\framework\src\Illuminate\Container\BoundMethod.php(87): Illuminate\Container\BoundMethod::Illuminate\Container\{closure}()
#3 C:\xampp\htdocs\october\vendor\laravel\framework\src\Illuminate\Container\BoundMethod.php(31): Illuminate\Container\BoundMethod::callBoundMethod(Object(October\Rain\Foundation\Application), Array, Object(Closure))
#4 C:\xampp\htdocs\october\vendor\laravel\framework\src\Illuminate\Container\Container.php(549): Illuminate\Container\BoundMethod::call(Object(October\Rain\Foundation\Application), Array, Array, NULL)
#5 C:\xampp\htdocs\october\vendor\laravel\framework\src\Illuminate\Foundation\Application.php(792): Illuminate\Container\Container->call(Array)
#6 C:\xampp\htdocs\october\vendor\laravel\framework\src\Illuminate\Foundation\Application.php(775): Illuminate\Foundation\Application->bootProvider(Object(VscodeLaravelExtraIntellisenseProvider))
#7 [internal function]: Illuminate\Foundation\Application->Illuminate\Foundation\{closure}(Object(VscodeLaravelExtraIntellisenseProvider), 5)
#8 C:\xampp\htdocs\october\vendor\laravel\framework\src\Illuminate\Foundation\Application.php(776): array_walk(Array, Object(Closure))
#9 C:\xampp\htdocs\october\vendor\laravel\framework\src\Illuminate\Foundation\Bootstrap\BootProviders.php(17): Illuminate\Foundation\Application->boot()
#10 C:\xampp\htdocs\october\vendor\laravel\framework\src\Illuminate\Foundation\Application.php(213): Illuminate\Foundation\Bootstrap\BootProviders->bootstrap(Object(October\Rain\Foundation\Application))
#11 C:\xampp\htdocs\october\vendor\laravel\framework\src\Illuminate\Foundation\Console\Kernel.php(296): Illuminate\Foundation\Application->bootstrapWith(Array)
#12 C:\xampp\htdocs\october\vendor\laravel\framework\src\Illuminate\Foundation\Console\Kernel.php(119): Illuminate\Foundation\Console\Kernel->bootstrap()
#13 Command line code(1): Illuminate\Foundation\Console\Kernel->handle(Object(Symfony\Component\Console\Input\ArgvInput), Object(Symfony\Component\Console\Output\ConsoleOutput))
#14 {main}  
[2020-03-03 10:08:45] development.ERROR: Symfony\Component\Debug\Exception\FatalThrowableError: Call to undefined method Illuminate\Log\Writer::setHandlers() in Command line code:1
Stack trace:
#0 [internal function]: VscodeLaravelExtraIntellisenseProvider->boot()
#1 C:\xampp\htdocs\october\vendor\laravel\framework\src\Illuminate\Container\BoundMethod.php(29): call_user_func_array(Array, Array)
#2 C:\xampp\htdocs\october\vendor\laravel\framework\src\Illuminate\Container\BoundMethod.php(87): Illuminate\Container\BoundMethod::Illuminate\Container\{closure}()
#3 C:\xampp\htdocs\october\vendor\laravel\framework\src\Illuminate\Container\BoundMethod.php(31): Illuminate\Container\BoundMethod::callBoundMethod(Object(October\Rain\Foundation\Application), Array, Object(Closure))
#4 C:\xampp\htdocs\october\vendor\laravel\framework\src\Illuminate\Container\Container.php(549): Illuminate\Container\BoundMethod::call(Object(October\Rain\Foundation\Application), Array, Array, NULL)
#5 C:\xampp\htdocs\october\vendor\laravel\framework\src\Illuminate\Foundation\Application.php(792): Illuminate\Container\Container->call(Array)
#6 C:\xampp\htdocs\october\vendor\laravel\framework\src\Illuminate\Foundation\Application.php(775): Illuminate\Foundation\Application->bootProvider(Object(VscodeLaravelExtraIntellisenseProvider))
#7 [internal function]: Illuminate\Foundation\Application->Illuminate\Foundation\{closure}(Object(VscodeLaravelExtraIntellisenseProvider), 5)
#8 C:\xampp\htdocs\october\vendor\laravel\framework\src\Illuminate\Foundation\Application.php(776): array_walk(Array, Object(Closure))
#9 C:\xampp\htdocs\october\vendor\laravel\framework\src\Illuminate\Foundation\Bootstrap\BootProviders.php(17): Illuminate\Foundation\Application->boot()
#10 C:\xampp\htdocs\october\vendor\laravel\framework\src\Illuminate\Foundation\Application.php(213): Illuminate\Foundation\Bootstrap\BootProviders->bootstrap(Object(October\Rain\Foundation\Application))
#11 C:\xampp\htdocs\october\vendor\laravel\framework\src\Illuminate\Foundation\Console\Kernel.php(296): Illuminate\Foundation\Application->bootstrapWith(Array)
#12 C:\xampp\htdocs\october\vendor\laravel\framework\src\Illuminate\Foundation\Console\Kernel.php(119): Illuminate\Foundation\Console\Kernel->bootstrap()
#13 Command line code(1): Illuminate\Foundation\Console\Kernel->handle(Object(Symfony\Component\Console\Input\ArgvInput), Object(Symfony\Component\Console\Output\ConsoleOutput))
#14 {main}  
[2020-03-03 10:08:46] development.ERROR: Symfony\Component\Debug\Exception\FatalThrowableError: Call to undefined method Illuminate\Log\Writer::setHandlers() in Command line code:1
Stack trace:
#0 [internal function]: VscodeLaravelExtraIntellisenseProvider->boot()
#1 C:\xampp\htdocs\october\vendor\laravel\framework\src\Illuminate\Container\BoundMethod.php(29): call_user_func_array(Array, Array)
#2 C:\xampp\htdocs\october\vendor\laravel\framework\src\Illuminate\Container\BoundMethod.php(87): Illuminate\Container\BoundMethod::Illuminate\Container\{closure}()
#3 C:\xampp\htdocs\october\vendor\laravel\framework\src\Illuminate\Container\BoundMethod.php(31): Illuminate\Container\BoundMethod::callBoundMethod(Object(October\Rain\Foundation\Application), Array, Object(Closure))
#4 C:\xampp\htdocs\october\vendor\laravel\framework\src\Illuminate\Container\Container.php(549): Illuminate\Container\BoundMethod::call(Object(October\Rain\Foundation\Application), Array, Array, NULL)
#5 C:\xampp\htdocs\october\vendor\laravel\framework\src\Illuminate\Foundation\Application.php(792): Illuminate\Container\Container->call(Array)
#6 C:\xampp\htdocs\october\vendor\laravel\framework\src\Illuminate\Foundation\Application.php(775): Illuminate\Foundation\Application->bootProvider(Object(VscodeLaravelExtraIntellisenseProvider))
#7 [internal function]: Illuminate\Foundation\Application->Illuminate\Foundation\{closure}(Object(VscodeLaravelExtraIntellisenseProvider), 5)
#8 C:\xampp\htdocs\october\vendor\laravel\framework\src\Illuminate\Foundation\Application.php(776): array_walk(Array, Object(Closure))
#9 C:\xampp\htdocs\october\vendor\laravel\framework\src\Illuminate\Foundation\Bootstrap\BootProviders.php(17): Illuminate\Foundation\Application->boot()
#10 C:\xampp\htdocs\october\vendor\laravel\framework\src\Illuminate\Foundation\Application.php(213): Illuminate\Foundation\Bootstrap\BootProviders->bootstrap(Object(October\Rain\Foundation\Application))
#11 C:\xampp\htdocs\october\vendor\laravel\framework\src\Illuminate\Foundation\Console\Kernel.php(296): Illuminate\Foundation\Application->bootstrapWith(Array)
#12 C:\xampp\htdocs\october\vendor\laravel\framework\src\Illuminate\Foundation\Console\Kernel.php(119): Illuminate\Foundation\Console\Kernel->bootstrap()
#13 Command line code(1): Illuminate\Foundation\Console\Kernel->handle(Object(Symfony\Component\Console\Input\ArgvInput), Object(Symfony\Component\Console\Output\ConsoleOutput))
#14 {main}  
[2020-03-03 10:08:46] development.ERROR: Symfony\Component\Debug\Exception\FatalThrowableError: Call to undefined method Illuminate\Log\Writer::setHandlers() in Command line code:1
Stack trace:
#0 [internal function]: VscodeLaravelExtraIntellisenseProvider->boot()
#1 C:\xampp\htdocs\october\vendor\laravel\framework\src\Illuminate\Container\BoundMethod.php(29): call_user_func_array(Array, Array)
#2 C:\xampp\htdocs\october\vendor\laravel\framework\src\Illuminate\Container\BoundMethod.php(87): Illuminate\Container\BoundMethod::Illuminate\Container\{closure}()
#3 C:\xampp\htdocs\october\vendor\laravel\framework\src\Illuminate\Container\BoundMethod.php(31): Illuminate\Container\BoundMethod::callBoundMethod(Object(October\Rain\Foundation\Application), Array, Object(Closure))
#4 C:\xampp\htdocs\october\vendor\laravel\framework\src\Illuminate\Container\Container.php(549): Illuminate\Container\BoundMethod::call(Object(October\Rain\Foundation\Application), Array, Array, NULL)
#5 C:\xampp\htdocs\october\vendor\laravel\framework\src\Illuminate\Foundation\Application.php(792): Illuminate\Container\Container->call(Array)
#6 C:\xampp\htdocs\october\vendor\laravel\framework\src\Illuminate\Foundation\Application.php(775): Illuminate\Foundation\Application->bootProvider(Object(VscodeLaravelExtraIntellisenseProvider))
#7 [internal function]: Illuminate\Foundation\Application->Illuminate\Foundation\{closure}(Object(VscodeLaravelExtraIntellisenseProvider), 5)
#8 C:\xampp\htdocs\october\vendor\laravel\framework\src\Illuminate\Foundation\Application.php(776): array_walk(Array, Object(Closure))
#9 C:\xampp\htdocs\october\vendor\laravel\framework\src\Illuminate\Foundation\Bootstrap\BootProviders.php(17): Illuminate\Foundation\Application->boot()
#10 C:\xampp\htdocs\october\vendor\laravel\framework\src\Illuminate\Foundation\Application.php(213): Illuminate\Foundation\Bootstrap\BootProviders->bootstrap(Object(October\Rain\Foundation\Application))
#11 C:\xampp\htdocs\october\vendor\laravel\framework\src\Illuminate\Foundation\Console\Kernel.php(296): Illuminate\Foundation\Application->bootstrapWith(Array)
#12 C:\xampp\htdocs\october\vendor\laravel\framework\src\Illuminate\Foundation\Console\Kernel.php(119): Illuminate\Foundation\Console\Kernel->bootstrap()
#13 Command line code(1): Illuminate\Foundation\Console\Kernel->handle(Object(Symfony\Component\Console\Input\ArgvInput), Object(Symfony\Component\Console\Output\ConsoleOutput))
#14 {main}  
[2020-03-03 10:08:46] development.ERROR: Symfony\Component\Debug\Exception\FatalThrowableError: Call to undefined method Illuminate\Log\Writer::setHandlers() in Command line code:1
Stack trace:
#0 [internal function]: VscodeLaravelExtraIntellisenseProvider->boot()
#1 C:\xampp\htdocs\october\vendor\laravel\framework\src\Illuminate\Container\BoundMethod.php(29): call_user_func_array(Array, Array)
#2 C:\xampp\htdocs\october\vendor\laravel\framework\src\Illuminate\Container\BoundMethod.php(87): Illuminate\Container\BoundMethod::Illuminate\Container\{closure}()
#3 C:\xampp\htdocs\october\vendor\laravel\framework\src\Illuminate\Container\BoundMethod.php(31): Illuminate\Container\BoundMethod::callBoundMethod(Object(October\Rain\Foundation\Application), Array, Object(Closure))
#4 C:\xampp\htdocs\october\vendor\laravel\framework\src\Illuminate\Container\Container.php(549): Illuminate\Container\BoundMethod::call(Object(October\Rain\Foundation\Application), Array, Array, NULL)
#5 C:\xampp\htdocs\october\vendor\laravel\framework\src\Illuminate\Foundation\Application.php(792): Illuminate\Container\Container->call(Array)
#6 C:\xampp\htdocs\october\vendor\laravel\framework\src\Illuminate\Foundation\Application.php(775): Illuminate\Foundation\Application->bootProvider(Object(VscodeLaravelExtraIntellisenseProvider))
#7 [internal function]: Illuminate\Foundation\Application->Illuminate\Foundation\{closure}(Object(VscodeLaravelExtraIntellisenseProvider), 5)
#8 C:\xampp\htdocs\october\vendor\laravel\framework\src\Illuminate\Foundation\Application.php(776): array_walk(Array, Object(Closure))
#9 C:\xampp\htdocs\october\vendor\laravel\framework\src\Illuminate\Foundation\Bootstrap\BootProviders.php(17): Illuminate\Foundation\Application->boot()
#10 C:\xampp\htdocs\october\vendor\laravel\framework\src\Illuminate\Foundation\Application.php(213): Illuminate\Foundation\Bootstrap\BootProviders->bootstrap(Object(October\Rain\Foundation\Application))
#11 C:\xampp\htdocs\october\vendor\laravel\framework\src\Illuminate\Foundation\Console\Kernel.php(296): Illuminate\Foundation\Application->bootstrapWith(Array)
#12 C:\xampp\htdocs\october\vendor\laravel\framework\src\Illuminate\Foundation\Console\Kernel.php(119): Illuminate\Foundation\Console\Kernel->bootstrap()
#13 Command line code(1): Illuminate\Foundation\Console\Kernel->handle(Object(Symfony\Component\Console\Input\ArgvInput), Object(Symfony\Component\Console\Output\ConsoleOutput))
#14 {main}  
[2020-03-03 10:08:46] development.ERROR: Symfony\Component\Debug\Exception\FatalErrorException: Uncaught Error: Call to undefined method October\Rain\Translation\FileLoader::namespaces() in Command line code:1
Stack trace:
#0 {main}
  thrown in Command line code:1
Stack trace:
#0 {main}  
[2020-03-03 10:13:27] development.ERROR: Symfony\Component\Debug\Exception\FatalThrowableError: Call to undefined method Illuminate\Log\Writer::setHandlers() in Command line code:1
Stack trace:
#0 [internal function]: VscodeLaravelExtraIntellisenseProvider->boot()
#1 C:\xampp\htdocs\october\vendor\laravel\framework\src\Illuminate\Container\BoundMethod.php(29): call_user_func_array(Array, Array)
#2 C:\xampp\htdocs\october\vendor\laravel\framework\src\Illuminate\Container\BoundMethod.php(87): Illuminate\Container\BoundMethod::Illuminate\Container\{closure}()
#3 C:\xampp\htdocs\october\vendor\laravel\framework\src\Illuminate\Container\BoundMethod.php(31): Illuminate\Container\BoundMethod::callBoundMethod(Object(October\Rain\Foundation\Application), Array, Object(Closure))
#4 C:\xampp\htdocs\october\vendor\laravel\framework\src\Illuminate\Container\Container.php(549): Illuminate\Container\BoundMethod::call(Object(October\Rain\Foundation\Application), Array, Array, NULL)
#5 C:\xampp\htdocs\october\vendor\laravel\framework\src\Illuminate\Foundation\Application.php(792): Illuminate\Container\Container->call(Array)
#6 C:\xampp\htdocs\october\vendor\laravel\framework\src\Illuminate\Foundation\Application.php(775): Illuminate\Foundation\Application->bootProvider(Object(VscodeLaravelExtraIntellisenseProvider))
#7 [internal function]: Illuminate\Foundation\Application->Illuminate\Foundation\{closure}(Object(VscodeLaravelExtraIntellisenseProvider), 5)
#8 C:\xampp\htdocs\october\vendor\laravel\framework\src\Illuminate\Foundation\Application.php(776): array_walk(Array, Object(Closure))
#9 C:\xampp\htdocs\october\vendor\laravel\framework\src\Illuminate\Foundation\Bootstrap\BootProviders.php(17): Illuminate\Foundation\Application->boot()
#10 C:\xampp\htdocs\october\vendor\laravel\framework\src\Illuminate\Foundation\Application.php(213): Illuminate\Foundation\Bootstrap\BootProviders->bootstrap(Object(October\Rain\Foundation\Application))
#11 C:\xampp\htdocs\october\vendor\laravel\framework\src\Illuminate\Foundation\Console\Kernel.php(296): Illuminate\Foundation\Application->bootstrapWith(Array)
#12 C:\xampp\htdocs\october\vendor\laravel\framework\src\Illuminate\Foundation\Console\Kernel.php(119): Illuminate\Foundation\Console\Kernel->bootstrap()
#13 Command line code(1): Illuminate\Foundation\Console\Kernel->handle(Object(Symfony\Component\Console\Input\ArgvInput), Object(Symfony\Component\Console\Output\ConsoleOutput))
#14 {main}  
[2020-03-03 10:13:27] development.ERROR: Symfony\Component\Debug\Exception\FatalErrorException: Uncaught Error: Call to undefined method October\Rain\Translation\FileLoader::namespaces() in Command line code:1
Stack trace:
#0 {main}
  thrown in Command line code:1
Stack trace:
#0 {main}  
